This is pdfTeX, Version 3.141592653-2.6-1.40.24 (TeX Live 2022) (preloaded format=pdflatex 2022.12.20)  22 DEC 2022 12:13
entering extended mode
 restricted \write18 enabled.
 %&-line parsing enabled.
**index.tex
(./index.tex
LaTeX2e <2022-11-01> patch level 1
L3 programming layer <2022-12-17> (/Users/ninadombrowski/Library/TinyTeX/texmf-dist/tex/latex/koma-script/scrreprt.cls
Document Class: scrreprt 2022/10/12 v3.38 KOMA-Script document class (report)
(/Users/ninadombrowski/Library/TinyTeX/texmf-dist/tex/latex/koma-script/scrkbase.sty
Package: scrkbase 2022/10/12 v3.38 KOMA-Script package (KOMA-Script-dependent basics and keyval usage)
(/Users/ninadombrowski/Library/TinyTeX/texmf-dist/tex/latex/koma-script/scrbase.sty
Package: scrbase 2022/10/12 v3.38 KOMA-Script package (KOMA-Script-independent basics and keyval usage)
(/Users/ninadombrowski/Library/TinyTeX/texmf-dist/tex/latex/koma-script/scrlfile.sty
Package: scrlfile 2022/10/12 v3.38 KOMA-Script package (file load hooks)
(/Users/ninadombrowski/Library/TinyTeX/texmf-dist/tex/latex/koma-script/scrlfile-hook.sty
Package: scrlfile-hook 2022/10/12 v3.38 KOMA-Script package (using LaTeX hooks)
(/Users/ninadombrowski/Library/TinyTeX/texmf-dist/tex/latex/koma-script/scrlogo.sty
Package: scrlogo 2022/10/12 v3.38 KOMA-Script package (logo)
))) (/Users/ninadombrowski/Library/TinyTeX/texmf-dist/tex/latex/graphics/keyval.sty
Package: keyval 2022/05/29 v1.15 key=value parser (DPC)
\KV@toks@=\toks16
)
Applying: [2021/05/01] Usage of raw or classic option list on input line 252.
Already applied: [0000/00/00] Usage of raw or classic option list on input line 368.
)) (/Users/ninadombrowski/Library/TinyTeX/texmf-dist/tex/latex/koma-script/tocbasic.sty
Package: tocbasic 2022/10/12 v3.38 KOMA-Script package (handling toc-files)
\scr@dte@tocline@numberwidth=\skip48
\scr@dte@tocline@numbox=\box51
)
Package tocbasic Info: omitting babel extension for `toc'
(tocbasic)             because of feature `nobabel' available
(tocbasic)             for `toc' on input line 137.
Class scrreprt Info: File `scrsize11pt.clo' used instead of
(scrreprt)           file `scrsize11.clo' to setup font sizes on input line 2614.
(/Users/ninadombrowski/Library/TinyTeX/texmf-dist/tex/latex/koma-script/scrsize11pt.clo
File: scrsize11pt.clo 2022/10/12 v3.38 KOMA-Script font size class option (11pt)
) (/Users/ninadombrowski/Library/TinyTeX/texmf-dist/tex/latex/koma-script/typearea.sty
Package: typearea 2022/10/12 v3.38 KOMA-Script package (type area)
\ta@bcor=\skip49
\ta@div=\count185
Package typearea Info: You've used standard option `letterpaper'.
(typearea)             This is correct!
(typearea)             Internally I'm using `paper=letter'.
(typearea)             If you'd like to set the option with \KOMAoptions,
(typearea)             you'd have to use `paper=letter' there
(typearea)             instead of `letterpaper', too.
\ta@hblk=\skip50
\ta@vblk=\skip51
\ta@temp=\skip52
\footheight=\skip53
Package typearea Info: These are the values describing the layout:
(typearea)             DIV  = 11
(typearea)             BCOR = 0.0pt
(typearea)             \paperwidth      = 614.295pt
(typearea)              \textwidth      = 446.76004pt
(typearea)              DIV departure   = -14%
(typearea)              \evensidemargin = 11.49748pt
(typearea)              \oddsidemargin  = 11.49748pt
(typearea)             \paperheight     = 794.96999pt
(typearea)              \textheight     = 582.20026pt
(typearea)              \topmargin      = -37.40001pt
(typearea)              \headheight     = 17.0pt
(typearea)              \headsep        = 20.40001pt
(typearea)              \topskip        = 11.0pt
(typearea)              \footskip       = 47.6pt
(typearea)              \baselineskip   = 13.6pt
(typearea)              on input line 1767.
)
\c@part=\count186
\c@chapter=\count187
\c@section=\count188
\c@subsection=\count189
\c@subsubsection=\count190
\c@paragraph=\count191
\c@subparagraph=\count192
\scr@dte@chapter@maxnumwidth=\skip54
Class scrreprt Info: using compatibility default `afterindent=bysign'
(scrreprt)           for `\chapter on input line 5902.
\scr@dte@section@maxnumwidth=\skip55
Class scrreprt Info: using compatibility default `runin=bysign'
(scrreprt)           for `\section on input line 5913.
Class scrreprt Info: using compatibility default `afterindent=bysign'
(scrreprt)           for `\section on input line 5913.
\scr@dte@part@maxnumwidth=\skip56
Class scrreprt Info: using compatibility default `afterindent=true'
(scrreprt)           for `\part on input line 5922.
\scr@dte@subsection@maxnumwidth=\skip57
Class scrreprt Info: using compatibility default `runin=bysign'
(scrreprt)           for `\subsection on input line 5932.
Class scrreprt Info: using compatibility default `afterindent=bysign'
(scrreprt)           for `\subsection on input line 5932.
\scr@dte@subsubsection@maxnumwidth=\skip58
Class scrreprt Info: using compatibility default `runin=bysign'
(scrreprt)           for `\subsubsection on input line 5942.
Class scrreprt Info: using compatibility default `afterindent=bysign'
(scrreprt)           for `\subsubsection on input line 5942.
\scr@dte@paragraph@maxnumwidth=\skip59
Class scrreprt Info: using compatibility default `runin=bysign'
(scrreprt)           for `\paragraph on input line 5953.
Class scrreprt Info: using compatibility default `afterindent=bysign'
(scrreprt)           for `\paragraph on input line 5953.
\scr@dte@subparagraph@maxnumwidth=\skip60
Class scrreprt Info: using compatibility default `runin=bysign'
(scrreprt)           for `\subparagraph on input line 5963.
Class scrreprt Info: using compatibility default `afterindent=bysign'
(scrreprt)           for `\subparagraph on input line 5963.
\abovecaptionskip=\skip61
\belowcaptionskip=\skip62
\c@pti@nb@sid@b@x=\box52
Package tocbasic Info: omitting babel extension for `lof'
(tocbasic)             because of feature `nobabel' available
(tocbasic)             for `lof' on input line 7140.
\scr@dte@figure@maxnumwidth=\skip63
\c@figure=\count193
Package tocbasic Info: omitting babel extension for `lot'
(tocbasic)             because of feature `nobabel' available
(tocbasic)             for `lot' on input line 7157.
\scr@dte@table@maxnumwidth=\skip64
\c@table=\count194
Class scrreprt Info: Redefining `\numberline' on input line 7328.
\bibindent=\dimen140
) (/Users/ninadombrowski/Library/TinyTeX/texmf-dist/tex/latex/amsmath/amsmath.sty
Package: amsmath 2022/04/08 v2.17n AMS math features
\@mathmargin=\skip65
For additional information on amsmath, use the `?' option.
(/Users/ninadombrowski/Library/TinyTeX/texmf-dist/tex/latex/amsmath/amstext.sty
Package: amstext 2021/08/26 v2.01 AMS text
(/Users/ninadombrowski/Library/TinyTeX/texmf-dist/tex/latex/amsmath/amsgen.sty
File: amsgen.sty 1999/11/30 v2.0 generic functions
\@emptytoks=\toks17
\ex@=\dimen141
)) (/Users/ninadombrowski/Library/TinyTeX/texmf-dist/tex/latex/amsmath/amsbsy.sty
Package: amsbsy 1999/11/29 v1.2d Bold Symbols
\pmbraise@=\dimen142
) (/Users/ninadombrowski/Library/TinyTeX/texmf-dist/tex/latex/amsmath/amsopn.sty
Package: amsopn 2022/04/08 v2.04 operator names
)
\inf@bad=\count195
LaTeX Info: Redefining \frac on input line 234.
\uproot@=\count196
\leftroot@=\count197
LaTeX Info: Redefining \overline on input line 399.
LaTeX Info: Redefining \colon on input line 410.
\classnum@=\count198
\DOTSCASE@=\count199
LaTeX Info: Redefining \ldots on input line 496.
LaTeX Info: Redefining \dots on input line 499.
LaTeX Info: Redefining \cdots on input line 620.
\Mathstrutbox@=\box53
\strutbox@=\box54
LaTeX Info: Redefining \big on input line 722.
LaTeX Info: Redefining \Big on input line 723.
LaTeX Info: Redefining \bigg on input line 724.
LaTeX Info: Redefining \Bigg on input line 725.
\big@size=\dimen143
LaTeX Font Info:    Redeclaring font encoding OML on input line 743.
LaTeX Font Info:    Redeclaring font encoding OMS on input line 744.
\macc@depth=\count266
LaTeX Info: Redefining \bmod on input line 905.
LaTeX Info: Redefining \pmod on input line 910.
LaTeX Info: Redefining \smash on input line 940.
LaTeX Info: Redefining \relbar on input line 970.
LaTeX Info: Redefining \Relbar on input line 971.
\c@MaxMatrixCols=\count267
\dotsspace@=\muskip16
\c@parentequation=\count268
\dspbrk@lvl=\count269
\tag@help=\toks18
\row@=\count270
\column@=\count271
\maxfields@=\count272
\andhelp@=\toks19
\eqnshift@=\dimen144
\alignsep@=\dimen145
\tagshift@=\dimen146
\tagwidth@=\dimen147
\totwidth@=\dimen148
\lineht@=\dimen149
\@envbody=\toks20
\multlinegap=\skip66
\multlinetaggap=\skip67
\mathdisplay@stack=\toks21
LaTeX Info: Redefining \[ on input line 2953.
LaTeX Info: Redefining \] on input line 2954.
) (/Users/ninadombrowski/Library/TinyTeX/texmf-dist/tex/latex/amsfonts/amssymb.sty
Package: amssymb 2013/01/14 v3.01 AMS font symbols
(/Users/ninadombrowski/Library/TinyTeX/texmf-dist/tex/latex/amsfonts/amsfonts.sty
Package: amsfonts 2013/01/14 v3.01 Basic AMSFonts support
\symAMSa=\mathgroup4
\symAMSb=\mathgroup5
LaTeX Font Info:    Redeclaring math symbol \hbar on input line 98.
LaTeX Font Info:    Overwriting math alphabet `\mathfrak' in version `bold'
(Font)                  U/euf/m/n --> U/euf/b/n on input line 106.
)) (/Users/ninadombrowski/Library/TinyTeX/texmf-dist/tex/latex/lm/lmodern.sty
Package: lmodern 2015/05/01 v1.6.1 Latin Modern Fonts
LaTeX Font Info:    Overwriting symbol font `operators' in version `normal'
(Font)                  OT1/cmr/m/n --> OT1/lmr/m/n on input line 22.
LaTeX Font Info:    Overwriting symbol font `letters' in version `normal'
(Font)                  OML/cmm/m/it --> OML/lmm/m/it on input line 23.
LaTeX Font Info:    Overwriting symbol font `symbols' in version `normal'
(Font)                  OMS/cmsy/m/n --> OMS/lmsy/m/n on input line 24.
LaTeX Font Info:    Overwriting symbol font `largesymbols' in version `normal'
(Font)                  OMX/cmex/m/n --> OMX/lmex/m/n on input line 25.
LaTeX Font Info:    Overwriting symbol font `operators' in version `bold'
(Font)                  OT1/cmr/bx/n --> OT1/lmr/bx/n on input line 26.
LaTeX Font Info:    Overwriting symbol font `letters' in version `bold'
(Font)                  OML/cmm/b/it --> OML/lmm/b/it on input line 27.
LaTeX Font Info:    Overwriting symbol font `symbols' in version `bold'
(Font)                  OMS/cmsy/b/n --> OMS/lmsy/b/n on input line 28.
LaTeX Font Info:    Overwriting symbol font `largesymbols' in version `bold'
(Font)                  OMX/cmex/m/n --> OMX/lmex/m/n on input line 29.
LaTeX Font Info:    Overwriting math alphabet `\mathbf' in version `normal'
(Font)                  OT1/cmr/bx/n --> OT1/lmr/bx/n on input line 31.
LaTeX Font Info:    Overwriting math alphabet `\mathsf' in version `normal'
(Font)                  OT1/cmss/m/n --> OT1/lmss/m/n on input line 32.
LaTeX Font Info:    Overwriting math alphabet `\mathit' in version `normal'
(Font)                  OT1/cmr/m/it --> OT1/lmr/m/it on input line 33.
LaTeX Font Info:    Overwriting math alphabet `\mathtt' in version `normal'
(Font)                  OT1/cmtt/m/n --> OT1/lmtt/m/n on input line 34.
LaTeX Font Info:    Overwriting math alphabet `\mathbf' in version `bold'
(Font)                  OT1/cmr/bx/n --> OT1/lmr/bx/n on input line 35.
LaTeX Font Info:    Overwriting math alphabet `\mathsf' in version `bold'
(Font)                  OT1/cmss/bx/n --> OT1/lmss/bx/n on input line 36.
LaTeX Font Info:    Overwriting math alphabet `\mathit' in version `bold'
(Font)                  OT1/cmr/bx/it --> OT1/lmr/bx/it on input line 37.
LaTeX Font Info:    Overwriting math alphabet `\mathtt' in version `bold'
(Font)                  OT1/cmtt/m/n --> OT1/lmtt/m/n on input line 38.
) (/Users/ninadombrowski/Library/TinyTeX/texmf-dist/tex/generic/iftex/iftex.sty
Package: iftex 2022/02/03 v1.0f TeX engine tests
) (/Users/ninadombrowski/Library/TinyTeX/texmf-dist/tex/latex/base/fontenc.sty
Package: fontenc 2021/04/29 v2.0v Standard LaTeX package
LaTeX Font Info:    Trying to load font information for T1+lmr on input line 112.
(/Users/ninadombrowski/Library/TinyTeX/texmf-dist/tex/latex/lm/t1lmr.fd
File: t1lmr.fd 2015/05/01 v1.6.1 Font defs for Latin Modern
)) (/Users/ninadombrowski/Library/TinyTeX/texmf-dist/tex/latex/base/inputenc.sty
Package: inputenc 2021/02/14 v1.3d Input encoding file
\inpenc@prehook=\toks22
\inpenc@posthook=\toks23
) (/Users/ninadombrowski/Library/TinyTeX/texmf-dist/tex/latex/base/textcomp.sty
Package: textcomp 2020/02/02 v2.0n Standard LaTeX package
) (/Users/ninadombrowski/Library/TinyTeX/texmf-dist/tex/latex/upquote/upquote.sty
Package: upquote 2012/04/19 v1.3 upright-quote and grave-accent glyphs in verbatim
) (/Users/ninadombrowski/Library/TinyTeX/texmf-dist/tex/latex/microtype/microtype.sty
Package: microtype 2022/06/23 v3.0f Micro-typographical refinements (RS)
(/Users/ninadombrowski/Library/TinyTeX/texmf-dist/tex/latex/etoolbox/etoolbox.sty
Package: etoolbox 2020/10/05 v2.5k e-TeX tools for LaTeX (JAW)
\etb@tempcnta=\count273
)
\MT@toks=\toks24
\MT@tempbox=\box55
\MT@count=\count274
LaTeX Info: Redefining \noprotrusionifhmode on input line 1045.
LaTeX Info: Redefining \leftprotrusion on input line 1046.
LaTeX Info: Redefining \rightprotrusion on input line 1056.
LaTeX Info: Redefining \textls on input line 1234.
\MT@outer@kern=\dimen150
LaTeX Info: Redefining \textmicrotypecontext on input line 1858.
\MT@listname@count=\count275
(/Users/ninadombrowski/Library/TinyTeX/texmf-dist/tex/latex/microtype/microtype-pdftex.def
File: microtype-pdftex.def 2022/06/23 v3.0f Definitions specific to pdftex (RS)
LaTeX Info: Redefining \lsstyle on input line 900.
LaTeX Info: Redefining \lslig on input line 900.
\MT@outer@space=\skip68
)
Package microtype Info: Loading configuration file microtype.cfg.
(/Users/ninadombrowski/Library/TinyTeX/texmf-dist/tex/latex/microtype/microtype.cfg
File: microtype.cfg 2022/06/23 v3.0f microtype main configuration file (RS)
)) (/Users/ninadombrowski/Library/TinyTeX/texmf-dist/tex/latex/xcolor/xcolor.sty
Package: xcolor 2022/06/12 v2.14 LaTeX color extensions (UK)
(/Users/ninadombrowski/Library/TinyTeX/texmf-dist/tex/latex/graphics-cfg/color.cfg
File: color.cfg 2016/01/02 v1.6 sample color configuration
)
Package xcolor Info: Driver file: pdftex.def on input line 227.
(/Users/ninadombrowski/Library/TinyTeX/texmf-dist/tex/latex/graphics-def/pdftex.def
File: pdftex.def 2022/09/22 v1.2b Graphics/color driver for pdftex
) (/Users/ninadombrowski/Library/TinyTeX/texmf-dist/tex/latex/graphics/mathcolor.ltx)
Package xcolor Info: Model `cmy' substituted by `cmy0' on input line 1353.
Package xcolor Info: Model `hsb' substituted by `rgb' on input line 1357.
Package xcolor Info: Model `RGB' extended on input line 1369.
Package xcolor Info: Model `HTML' substituted by `rgb' on input line 1371.
Package xcolor Info: Model `Hsb' substituted by `hsb' on input line 1372.
Package xcolor Info: Model `tHsb' substituted by `hsb' on input line 1373.
Package xcolor Info: Model `HSB' substituted by `hsb' on input line 1374.
Package xcolor Info: Model `Gray' substituted by `gray' on input line 1375.
Package xcolor Info: Model `wave' substituted by `hsb' on input line 1376.
(/Users/ninadombrowski/Library/TinyTeX/texmf-dist/tex/latex/graphics/dvipsnam.def
File: dvipsnam.def 2016/06/17 v3.0m Driver-dependent file (DPC,SPQR)
) (/Users/ninadombrowski/Library/TinyTeX/texmf-dist/tex/latex/xcolor/svgnam.def
File: svgnam.def 2022/06/12 v2.14 Predefined colors according to SVG 1.1 (UK)
) (/Users/ninadombrowski/Library/TinyTeX/texmf-dist/tex/latex/xcolor/x11nam.def
File: x11nam.def 2022/06/12 v2.14 Predefined colors according to Unix/X11 (UK)
)) (/Users/ninadombrowski/Library/TinyTeX/texmf-dist/tex/latex/geometry/geometry.sty
Package: geometry 2020/01/02 v5.9 Page Geometry
(/Users/ninadombrowski/Library/TinyTeX/texmf-dist/tex/generic/iftex/ifvtex.sty
Package: ifvtex 2019/10/25 v1.7 ifvtex legacy package. Use iftex instead.
)
\Gm@cnth=\count276
\Gm@cntv=\count277
\c@Gm@tempcnt=\count278
\Gm@bindingoffset=\dimen151
\Gm@wd@mp=\dimen152
\Gm@odd@mp=\dimen153
\Gm@even@mp=\dimen154
\Gm@layoutwidth=\dimen155
\Gm@layoutheight=\dimen156
\Gm@layouthoffset=\dimen157
\Gm@layoutvoffset=\dimen158
\Gm@dimlist=\toks25
) (/Users/ninadombrowski/Library/TinyTeX/texmf-dist/tex/latex/fancyvrb/fancyvrb.sty
Package: fancyvrb 2022/06/06 4.5 verbatim text (tvz,hv)
\FV@CodeLineNo=\count279
\FV@InFile=\read2
\FV@TabBox=\box56
\c@FancyVerbLine=\count280
\FV@StepNumber=\count281
\FV@OutFile=\write3
) (/Users/ninadombrowski/Library/TinyTeX/texmf-dist/tex/latex/tools/longtable.sty
Package: longtable 2021-09-01 v4.17 Multi-page Table package (DPC)
\LTleft=\skip69
\LTright=\skip70
\LTpre=\skip71
\LTpost=\skip72
\LTchunksize=\count282
\LTcapwidth=\dimen159
\LT@head=\box57
\LT@firsthead=\box58
\LT@foot=\box59
\LT@lastfoot=\box60
\LT@gbox=\box61
\LT@cols=\count283
\LT@rows=\count284
\c@LT@tables=\count285
\c@LT@chunks=\count286
\LT@p@ftn=\toks26
)
Class scrreprt Info: longtable captions redefined on input line 94.
(/Users/ninadombrowski/Library/TinyTeX/texmf-dist/tex/latex/booktabs/booktabs.sty
Package: booktabs 2020/01/12 v1.61803398 Publication quality tables
\heavyrulewidth=\dimen160
\lightrulewidth=\dimen161
\cmidrulewidth=\dimen162
\belowrulesep=\dimen163
\belowbottomsep=\dimen164
\aboverulesep=\dimen165
\abovetopsep=\dimen166
\cmidrulesep=\dimen167
\cmidrulekern=\dimen168
\defaultaddspace=\dimen169
\@cmidla=\count287
\@cmidlb=\count288
\@aboverulesep=\dimen170
\@belowrulesep=\dimen171
\@thisruleclass=\count289
\@lastruleclass=\count290
\@thisrulewidth=\dimen172
) (/Users/ninadombrowski/Library/TinyTeX/texmf-dist/tex/latex/tools/array.sty
Package: array 2022/09/04 v2.5g Tabular extension package (FMi)
\col@sep=\dimen173
\ar@mcellbox=\box62
\extrarowheight=\dimen174
\NC@list=\toks27
\extratabsurround=\skip73
\backup@length=\skip74
\ar@cellbox=\box63
) (/Users/ninadombrowski/Library/TinyTeX/texmf-dist/tex/latex/tools/calc.sty
Package: calc 2017/05/25 v4.3 Infix arithmetic (KKT,FJ)
\calc@Acount=\count291
\calc@Bcount=\count292
\calc@Adimen=\dimen175
\calc@Bdimen=\dimen176
\calc@Askip=\skip75
\calc@Bskip=\skip76
LaTeX Info: Redefining \setlength on input line 80.
LaTeX Info: Redefining \addtolength on input line 81.
\calc@Ccount=\count293
\calc@Cskip=\skip77
) (/Users/ninadombrowski/Library/TinyTeX/texmf-dist/tex/latex/mdwtools/footnote.sty
Package: footnote 1997/01/28 1.13 Save footnotes around boxes
\fn@notes=\box64
\fn@width=\dimen177
) (/Users/ninadombrowski/Library/TinyTeX/texmf-dist/tex/latex/graphics/graphicx.sty
Package: graphicx 2021/09/16 v1.2d Enhanced LaTeX Graphics (DPC,SPQR)
(/Users/ninadombrowski/Library/TinyTeX/texmf-dist/tex/latex/graphics/graphics.sty
Package: graphics 2022/03/10 v1.4e Standard LaTeX Graphics (DPC,SPQR)
(/Users/ninadombrowski/Library/TinyTeX/texmf-dist/tex/latex/graphics/trig.sty
Package: trig 2021/08/11 v1.11 sin cos tan (DPC)
) (/Users/ninadombrowski/Library/TinyTeX/texmf-dist/tex/latex/graphics-cfg/graphics.cfg
File: graphics.cfg 2016/06/04 v1.11 sample graphics configuration
)
Package graphics Info: Driver file: pdftex.def on input line 107.
)
\Gin@req@height=\dimen178
\Gin@req@width=\dimen179
) (/Users/ninadombrowski/Library/TinyTeX/texmf-dist/tex/latex/fvextra/fvextra.sty
Package: fvextra 2022/11/30 v1.5 fvextra - extensions and patches for fancyvrb
(/Users/ninadombrowski/Library/TinyTeX/texmf-dist/tex/latex/lineno/lineno.sty
Package: lineno 2022/07/30 line numbers on paragraphs v5.0
\linenopenalty=\count294
\output=\toks28
\linenoprevgraf=\count295
\linenumbersep=\dimen180
\linenumberwidth=\dimen181
\c@linenumber=\count296
\c@pagewiselinenumber=\count297
\c@LN@truepage=\count298
\c@internallinenumber=\count299
\c@internallinenumbers=\count300
\quotelinenumbersep=\dimen182
\bframerule=\dimen183
\bframesep=\dimen184
\bframebox=\box65
\linenoamsmath@ams@eqpen=\count301
LaTeX Info: Redefining \\ on input line 3114.
)
\c@FV@TrueTabGroupLevel=\count302
\c@FV@TrueTabCounter=\count303
\FV@TabBox@Group=\box66
\FV@TmpLength=\skip78
\c@FV@HighlightLinesStart=\count304
\c@FV@HighlightLinesStop=\count305
\FV@LoopCount=\count306
\FV@NCharsBox=\box67
\FV@BreakIndent=\dimen185
\FV@BreakIndentNChars=\count307
\FV@BreakSymbolSepLeft=\dimen186
\FV@BreakSymbolSepLeftNChars=\count308
\FV@BreakSymbolSepRight=\dimen187
\FV@BreakSymbolSepRightNChars=\count309
\FV@BreakSymbolIndentLeft=\dimen188
\FV@BreakSymbolIndentLeftNChars=\count310
\FV@BreakSymbolIndentRight=\dimen189
\FV@BreakSymbolIndentRightNChars=\count311
\c@FancyVerbLineBreakLast=\count312
\FV@LineBox=\box68
\FV@LineIndentBox=\box69
\c@FV@BreakBufferDepth=\count313
\FV@LineWidth=\dimen190
) (/Users/ninadombrowski/Library/TinyTeX/texmf-dist/tex/latex/bookmark/bookmark.sty
Package: bookmark 2020-11-06 v1.29 PDF bookmarks (HO)
(/Users/ninadombrowski/Library/TinyTeX/texmf-dist/tex/latex/hyperref/hyperref.sty
Package: hyperref 2022-11-13 v7.00u Hypertext links for LaTeX
(/Users/ninadombrowski/Library/TinyTeX/texmf-dist/tex/generic/ltxcmds/ltxcmds.sty
Package: ltxcmds 2020-05-10 v1.25 LaTeX kernel commands for general use (HO)
) (/Users/ninadombrowski/Library/TinyTeX/texmf-dist/tex/generic/pdftexcmds/pdftexcmds.sty
Package: pdftexcmds 2020-06-27 v0.33 Utility functions of pdfTeX for LuaTeX (HO)
(/Users/ninadombrowski/Library/TinyTeX/texmf-dist/tex/generic/infwarerr/infwarerr.sty
Package: infwarerr 2019/12/03 v1.5 Providing info/warning/error messages (HO)
)
Package pdftexcmds Info: \pdf@primitive is available.
Package pdftexcmds Info: \pdf@ifprimitive is available.
Package pdftexcmds Info: \pdfdraftmode found.
) (/Users/ninadombrowski/Library/TinyTeX/texmf-dist/tex/latex/kvsetkeys/kvsetkeys.sty
Package: kvsetkeys 2022-10-05 v1.19 Key value parser (HO)
) (/Users/ninadombrowski/Library/TinyTeX/texmf-dist/tex/generic/kvdefinekeys/kvdefinekeys.sty
Package: kvdefinekeys 2019-12-19 v1.6 Define keys (HO)
) (/Users/ninadombrowski/Library/TinyTeX/texmf-dist/tex/generic/pdfescape/pdfescape.sty
Package: pdfescape 2019/12/09 v1.15 Implements pdfTeX's escape features (HO)
) (/Users/ninadombrowski/Library/TinyTeX/texmf-dist/tex/latex/hycolor/hycolor.sty
Package: hycolor 2020-01-27 v1.10 Color options for hyperref/bookmark (HO)
) (/Users/ninadombrowski/Library/TinyTeX/texmf-dist/tex/latex/letltxmacro/letltxmacro.sty
Package: letltxmacro 2019/12/03 v1.6 Let assignment for LaTeX macros (HO)
) (/Users/ninadombrowski/Library/TinyTeX/texmf-dist/tex/latex/auxhook/auxhook.sty
Package: auxhook 2019-12-17 v1.6 Hooks for auxiliary files (HO)
) (/Users/ninadombrowski/Library/TinyTeX/texmf-dist/tex/latex/hyperref/nameref.sty
Package: nameref 2022-05-17 v2.50 Cross-referencing by name of section
(/Users/ninadombrowski/Library/TinyTeX/texmf-dist/tex/latex/refcount/refcount.sty
Package: refcount 2019/12/15 v3.6 Data extraction from label references (HO)
) (/Users/ninadombrowski/Library/TinyTeX/texmf-dist/tex/generic/gettitlestring/gettitlestring.sty
Package: gettitlestring 2019/12/15 v1.6 Cleanup title references (HO)
(/Users/ninadombrowski/Library/TinyTeX/texmf-dist/tex/latex/kvoptions/kvoptions.sty
Package: kvoptions 2022-06-15 v3.15 Key value format for package options (HO)
))
\c@section@level=\count314
)
\@linkdim=\dimen191
\Hy@linkcounter=\count315
\Hy@pagecounter=\count316
(/Users/ninadombrowski/Library/TinyTeX/texmf-dist/tex/latex/hyperref/pd1enc.def
File: pd1enc.def 2022-11-13 v7.00u Hyperref: PDFDocEncoding definition (HO)
Now handling font encoding PD1 ...
... no UTF-8 mapping file for font encoding PD1
) (/Users/ninadombrowski/Library/TinyTeX/texmf-dist/tex/generic/intcalc/intcalc.sty
Package: intcalc 2019/12/15 v1.3 Expandable calculations with integers (HO)
) (/Users/ninadombrowski/Library/TinyTeX/texmf-dist/tex/generic/etexcmds/etexcmds.sty
Package: etexcmds 2019/12/15 v1.7 Avoid name clashes with e-TeX commands (HO)
)
\Hy@SavedSpaceFactor=\count317
(/Users/ninadombrowski/Library/TinyTeX/texmf-dist/tex/latex/hyperref/puenc.def
File: puenc.def 2022-11-13 v7.00u Hyperref: PDF Unicode definition (HO)
Now handling font encoding PU ...
... no UTF-8 mapping file for font encoding PU
)
Package hyperref Info: Option `unicode' set `true' on input line 4045.
Package hyperref Info: Hyper figures OFF on input line 4162.
Package hyperref Info: Link nesting OFF on input line 4167.
Package hyperref Info: Hyper index ON on input line 4170.
Package hyperref Info: Plain pages OFF on input line 4177.
Package hyperref Info: Backreferencing OFF on input line 4182.
Package hyperref Info: Implicit mode ON; LaTeX internals redefined.
Package hyperref Info: Bookmarks ON on input line 4410.
\c@Hy@tempcnt=\count318
(/Users/ninadombrowski/Library/TinyTeX/texmf-dist/tex/latex/url/url.sty
\Urlmuskip=\muskip17
Package: url 2013/09/16  ver 3.4  Verb mode for urls, etc.
)
LaTeX Info: Redefining \url on input line 4748.
\XeTeXLinkMargin=\dimen192
(/Users/ninadombrowski/Library/TinyTeX/texmf-dist/tex/generic/bitset/bitset.sty
Package: bitset 2019/12/09 v1.3 Handle bit-vector datatype (HO)
(/Users/ninadombrowski/Library/TinyTeX/texmf-dist/tex/generic/bigintcalc/bigintcalc.sty
Package: bigintcalc 2019/12/15 v1.5 Expandable calculations on big integers (HO)
))
\Fld@menulength=\count319
\Field@Width=\dimen193
\Fld@charsize=\dimen194
Package hyperref Info: Hyper figures OFF on input line 6027.
Package hyperref Info: Link nesting OFF on input line 6032.
Package hyperref Info: Hyper index ON on input line 6035.
Package hyperref Info: backreferencing OFF on input line 6042.
Package hyperref Info: Link coloring OFF on input line 6047.
Package hyperref Info: Link coloring with OCG OFF on input line 6052.
Package hyperref Info: PDF/A mode OFF on input line 6057.
(/Users/ninadombrowski/Library/TinyTeX/texmf-dist/tex/latex/base/atbegshi-ltx.sty
Package: atbegshi-ltx 2021/01/10 v1.0c Emulation of the original atbegshi
package with kernel methods
)
\Hy@abspage=\count320
\c@Item=\count321
\c@Hfootnote=\count322
)
Package hyperref Info: Driver (autodetected): hpdftex.
(/Users/ninadombrowski/Library/TinyTeX/texmf-dist/tex/latex/hyperref/hpdftex.def
File: hpdftex.def 2022-11-13 v7.00u Hyperref driver for pdfTeX
(/Users/ninadombrowski/Library/TinyTeX/texmf-dist/tex/latex/base/atveryend-ltx.sty
Package: atveryend-ltx 2020/08/19 v1.0a Emulation of the original atveryend package
with kernel methods
)
\Fld@listcount=\count323
\c@bookmark@seq@number=\count324
(/Users/ninadombrowski/Library/TinyTeX/texmf-dist/tex/latex/rerunfilecheck/rerunfilecheck.sty
Package: rerunfilecheck 2022-07-10 v1.10 Rerun checks for auxiliary files (HO)
(/Users/ninadombrowski/Library/TinyTeX/texmf-dist/tex/generic/uniquecounter/uniquecounter.sty
Package: uniquecounter 2019/12/15 v1.4 Provide unlimited unique counter (HO)
)
Package uniquecounter Info: New unique counter `rerunfilecheck' on input line 285.
)
\Hy@SectionHShift=\skip79
) (/Users/ninadombrowski/Library/TinyTeX/texmf-dist/tex/latex/bookmark/bkm-pdftex.def
File: bkm-pdftex.def 2020-11-06 v1.29 bookmark driver for pdfTeX (HO)
\BKM@id=\count325
)) (/Users/ninadombrowski/Library/TinyTeX/texmf-dist/tex/latex/caption/caption.sty
Package: caption 2022/03/01 v3.6b Customizing captions (AR)
(/Users/ninadombrowski/Library/TinyTeX/texmf-dist/tex/latex/caption/caption3.sty
Package: caption3 2022/03/17 v2.3b caption3 kernel (AR)
\caption@tempdima=\dimen195
\captionmargin=\dimen196
\caption@leftmargin=\dimen197
\caption@rightmargin=\dimen198
\caption@width=\dimen199
\caption@indent=\dimen256
\caption@parindent=\dimen257
\caption@hangindent=\dimen258
Package caption Info: KOMA-Script document class detected.
(/Users/ninadombrowski/Library/TinyTeX/texmf-dist/tex/latex/caption/caption-koma.sto
File: caption-koma.sto 2020/09/21 v2.0b Adaption of the caption package to the KOMA-Script document classes (AR)
))
\c@caption@flags=\count326
\c@continuedfloat=\count327
Package caption Info: hyperref package is loaded.
Package caption Info: longtable package is loaded.
(/Users/ninadombrowski/Library/TinyTeX/texmf-dist/tex/latex/caption/ltcaption.sty
Package: ltcaption 2021/01/08 v1.4c longtable captions (AR)
)) (/Users/ninadombrowski/Library/TinyTeX/texmf-dist/tex/latex/float/float.sty
Package: float 2001/11/08 v1.3d Float enhancements (AL)
\c@float@type=\count328
\float@exts=\toks29
\float@box=\box70
\@float@everytoks=\toks30
\@floatcapt=\box71
)
\@float@every@codelisting=\toks31
\c@codelisting=\count329
(/Users/ninadombrowski/Library/TinyTeX/texmf-dist/tex/latex/caption/subcaption.sty
Package: subcaption 2022/01/07 v1.5 Sub-captions (AR)
\c@subfigure=\count330
\c@subtable=\count331
) (/Users/ninadombrowski/Library/TinyTeX/texmf-dist/tex/latex/tcolorbox/tcolorbox.sty
Package: tcolorbox 2022/06/24 version 5.1.1 text color boxes
(/Users/ninadombrowski/Library/TinyTeX/texmf-dist/tex/latex/pgf/basiclayer/pgf.sty (/Users/ninadombrowski/Library/TinyTeX/texmf-dist/tex/latex/pgf/utilities/pgfrcs.sty (/Users/ninadombrowski/Library/TinyTeX/texmf-dist/tex/generic/pgf/utilities/pgfutil-common.tex
\pgfutil@everybye=\toks32
\pgfutil@tempdima=\dimen259
\pgfutil@tempdimb=\dimen260
(/Users/ninadombrowski/Library/TinyTeX/texmf-dist/tex/generic/pgf/utilities/pgfutil-common-lists.tex)) (/Users/ninadombrowski/Library/TinyTeX/texmf-dist/tex/generic/pgf/utilities/pgfutil-latex.def
\pgfutil@abb=\box72
) (/Users/ninadombrowski/Library/TinyTeX/texmf-dist/tex/generic/pgf/utilities/pgfrcs.code.tex (/Users/ninadombrowski/Library/TinyTeX/texmf-dist/tex/generic/pgf/pgf.revision.tex)
Package: pgfrcs 2021/05/15 v3.1.9a (3.1.9a)
))
Package: pgf 2021/05/15 v3.1.9a (3.1.9a)
(/Users/ninadombrowski/Library/TinyTeX/texmf-dist/tex/latex/pgf/basiclayer/pgfcore.sty (/Users/ninadombrowski/Library/TinyTeX/texmf-dist/tex/latex/pgf/systemlayer/pgfsys.sty (/Users/ninadombrowski/Library/TinyTeX/texmf-dist/tex/generic/pgf/systemlayer/pgfsys.code.tex
Package: pgfsys 2021/05/15 v3.1.9a (3.1.9a)
(/Users/ninadombrowski/Library/TinyTeX/texmf-dist/tex/generic/pgf/utilities/pgfkeys.code.tex
\pgfkeys@pathtoks=\toks33
\pgfkeys@temptoks=\toks34
(/Users/ninadombrowski/Library/TinyTeX/texmf-dist/tex/generic/pgf/utilities/pgfkeysfiltered.code.tex
\pgfkeys@tmptoks=\toks35
))
\pgf@x=\dimen261
\pgf@y=\dimen262
\pgf@xa=\dimen263
\pgf@ya=\dimen264
\pgf@xb=\dimen265
\pgf@yb=\dimen266
\pgf@xc=\dimen267
\pgf@yc=\dimen268
\pgf@xd=\dimen269
\pgf@yd=\dimen270
\w@pgf@writea=\write4
\r@pgf@reada=\read3
\c@pgf@counta=\count332
\c@pgf@countb=\count333
\c@pgf@countc=\count334
\c@pgf@countd=\count335
\t@pgf@toka=\toks36
\t@pgf@tokb=\toks37
\t@pgf@tokc=\toks38
\pgf@sys@id@count=\count336
(/Users/ninadombrowski/Library/TinyTeX/texmf-dist/tex/generic/pgf/systemlayer/pgf.cfg
File: pgf.cfg 2021/05/15 v3.1.9a (3.1.9a)
)
Driver file for pgf: pgfsys-pdftex.def
(/Users/ninadombrowski/Library/TinyTeX/texmf-dist/tex/generic/pgf/systemlayer/pgfsys-pdftex.def
File: pgfsys-pdftex.def 2021/05/15 v3.1.9a (3.1.9a)
(/Users/ninadombrowski/Library/TinyTeX/texmf-dist/tex/generic/pgf/systemlayer/pgfsys-common-pdf.def
File: pgfsys-common-pdf.def 2021/05/15 v3.1.9a (3.1.9a)
))) (/Users/ninadombrowski/Library/TinyTeX/texmf-dist/tex/generic/pgf/systemlayer/pgfsyssoftpath.code.tex
File: pgfsyssoftpath.code.tex 2021/05/15 v3.1.9a (3.1.9a)
\pgfsyssoftpath@smallbuffer@items=\count337
\pgfsyssoftpath@bigbuffer@items=\count338
) (/Users/ninadombrowski/Library/TinyTeX/texmf-dist/tex/generic/pgf/systemlayer/pgfsysprotocol.code.tex
File: pgfsysprotocol.code.tex 2021/05/15 v3.1.9a (3.1.9a)
)) (/Users/ninadombrowski/Library/TinyTeX/texmf-dist/tex/generic/pgf/basiclayer/pgfcore.code.tex
Package: pgfcore 2021/05/15 v3.1.9a (3.1.9a)
(/Users/ninadombrowski/Library/TinyTeX/texmf-dist/tex/generic/pgf/math/pgfmath.code.tex (/Users/ninadombrowski/Library/TinyTeX/texmf-dist/tex/generic/pgf/math/pgfmathcalc.code.tex (/Users/ninadombrowski/Library/TinyTeX/texmf-dist/tex/generic/pgf/math/pgfmathutil.code.tex) (/Users/ninadombrowski/Library/TinyTeX/texmf-dist/tex/generic/pgf/math/pgfmathparser.code.tex
\pgfmath@dimen=\dimen271
\pgfmath@count=\count339
\pgfmath@box=\box73
\pgfmath@toks=\toks39
\pgfmath@stack@operand=\toks40
\pgfmath@stack@operation=\toks41
) (/Users/ninadombrowski/Library/TinyTeX/texmf-dist/tex/generic/pgf/math/pgfmathfunctions.code.tex (/Users/ninadombrowski/Library/TinyTeX/texmf-dist/tex/generic/pgf/math/pgfmathfunctions.basic.code.tex) (/Users/ninadombrowski/Library/TinyTeX/texmf-dist/tex/generic/pgf/math/pgfmathfunctions.trigonometric.code.tex) (/Users/ninadombrowski/Library/TinyTeX/texmf-dist/tex/generic/pgf/math/pgfmathfunctions.random.code.tex) (/Users/ninadombrowski/Library/TinyTeX/texmf-dist/tex/generic/pgf/math/pgfmathfunctions.comparison.code.tex) (/Users/ninadombrowski/Library/TinyTeX/texmf-dist/tex/generic/pgf/math/pgfmathfunctions.base.code.tex) (/Users/ninadombrowski/Library/TinyTeX/texmf-dist/tex/generic/pgf/math/pgfmathfunctions.round.code.tex) (/Users/ninadombrowski/Library/TinyTeX/texmf-dist/tex/generic/pgf/math/pgfmathfunctions.misc.code.tex) (/Users/ninadombrowski/Library/TinyTeX/texmf-dist/tex/generic/pgf/math/pgfmathfunctions.integerarithmetics.code.tex))) (/Users/ninadombrowski/Library/TinyTeX/texmf-dist/tex/generic/pgf/math/pgfmathfloat.code.tex
\c@pgfmathroundto@lastzeros=\count340
)) (/Users/ninadombrowski/Library/TinyTeX/texmf-dist/tex/generic/pgf/math/pgfint.code.tex) (/Users/ninadombrowski/Library/TinyTeX/texmf-dist/tex/generic/pgf/basiclayer/pgfcorepoints.code.tex
File: pgfcorepoints.code.tex 2021/05/15 v3.1.9a (3.1.9a)
\pgf@picminx=\dimen272
\pgf@picmaxx=\dimen273
\pgf@picminy=\dimen274
\pgf@picmaxy=\dimen275
\pgf@pathminx=\dimen276
\pgf@pathmaxx=\dimen277
\pgf@pathminy=\dimen278
\pgf@pathmaxy=\dimen279
\pgf@xx=\dimen280
\pgf@xy=\dimen281
\pgf@yx=\dimen282
\pgf@yy=\dimen283
\pgf@zx=\dimen284
\pgf@zy=\dimen285
) (/Users/ninadombrowski/Library/TinyTeX/texmf-dist/tex/generic/pgf/basiclayer/pgfcorepathconstruct.code.tex
File: pgfcorepathconstruct.code.tex 2021/05/15 v3.1.9a (3.1.9a)
\pgf@path@lastx=\dimen286
\pgf@path@lasty=\dimen287
) (/Users/ninadombrowski/Library/TinyTeX/texmf-dist/tex/generic/pgf/basiclayer/pgfcorepathusage.code.tex
File: pgfcorepathusage.code.tex 2021/05/15 v3.1.9a (3.1.9a)
\pgf@shorten@end@additional=\dimen288
\pgf@shorten@start@additional=\dimen289
) (/Users/ninadombrowski/Library/TinyTeX/texmf-dist/tex/generic/pgf/basiclayer/pgfcorescopes.code.tex
File: pgfcorescopes.code.tex 2021/05/15 v3.1.9a (3.1.9a)
\pgfpic=\box74
\pgf@hbox=\box75
\pgf@layerbox@main=\box76
\pgf@picture@serial@count=\count341
) (/Users/ninadombrowski/Library/TinyTeX/texmf-dist/tex/generic/pgf/basiclayer/pgfcoregraphicstate.code.tex
File: pgfcoregraphicstate.code.tex 2021/05/15 v3.1.9a (3.1.9a)
\pgflinewidth=\dimen290
) (/Users/ninadombrowski/Library/TinyTeX/texmf-dist/tex/generic/pgf/basiclayer/pgfcoretransformations.code.tex
File: pgfcoretransformations.code.tex 2021/05/15 v3.1.9a (3.1.9a)
\pgf@pt@x=\dimen291
\pgf@pt@y=\dimen292
\pgf@pt@temp=\dimen293
) (/Users/ninadombrowski/Library/TinyTeX/texmf-dist/tex/generic/pgf/basiclayer/pgfcorequick.code.tex
File: pgfcorequick.code.tex 2021/05/15 v3.1.9a (3.1.9a)
) (/Users/ninadombrowski/Library/TinyTeX/texmf-dist/tex/generic/pgf/basiclayer/pgfcoreobjects.code.tex
File: pgfcoreobjects.code.tex 2021/05/15 v3.1.9a (3.1.9a)
) (/Users/ninadombrowski/Library/TinyTeX/texmf-dist/tex/generic/pgf/basiclayer/pgfcorepathprocessing.code.tex
File: pgfcorepathprocessing.code.tex 2021/05/15 v3.1.9a (3.1.9a)
) (/Users/ninadombrowski/Library/TinyTeX/texmf-dist/tex/generic/pgf/basiclayer/pgfcorearrows.code.tex
File: pgfcorearrows.code.tex 2021/05/15 v3.1.9a (3.1.9a)
\pgfarrowsep=\dimen294
) (/Users/ninadombrowski/Library/TinyTeX/texmf-dist/tex/generic/pgf/basiclayer/pgfcoreshade.code.tex
File: pgfcoreshade.code.tex 2021/05/15 v3.1.9a (3.1.9a)
\pgf@max=\dimen295
\pgf@sys@shading@range@num=\count342
\pgf@shadingcount=\count343
) (/Users/ninadombrowski/Library/TinyTeX/texmf-dist/tex/generic/pgf/basiclayer/pgfcoreimage.code.tex
File: pgfcoreimage.code.tex 2021/05/15 v3.1.9a (3.1.9a)
(/Users/ninadombrowski/Library/TinyTeX/texmf-dist/tex/generic/pgf/basiclayer/pgfcoreexternal.code.tex
File: pgfcoreexternal.code.tex 2021/05/15 v3.1.9a (3.1.9a)
\pgfexternal@startupbox=\box77
)) (/Users/ninadombrowski/Library/TinyTeX/texmf-dist/tex/generic/pgf/basiclayer/pgfcorelayers.code.tex
File: pgfcorelayers.code.tex 2021/05/15 v3.1.9a (3.1.9a)
) (/Users/ninadombrowski/Library/TinyTeX/texmf-dist/tex/generic/pgf/basiclayer/pgfcoretransparency.code.tex
File: pgfcoretransparency.code.tex 2021/05/15 v3.1.9a (3.1.9a)
) (/Users/ninadombrowski/Library/TinyTeX/texmf-dist/tex/generic/pgf/basiclayer/pgfcorepatterns.code.tex
File: pgfcorepatterns.code.tex 2021/05/15 v3.1.9a (3.1.9a)
) (/Users/ninadombrowski/Library/TinyTeX/texmf-dist/tex/generic/pgf/basiclayer/pgfcorerdf.code.tex
File: pgfcorerdf.code.tex 2021/05/15 v3.1.9a (3.1.9a)
))) (/Users/ninadombrowski/Library/TinyTeX/texmf-dist/tex/generic/pgf/modules/pgfmoduleshapes.code.tex
File: pgfmoduleshapes.code.tex 2021/05/15 v3.1.9a (3.1.9a)
\pgfnodeparttextbox=\box78
) (/Users/ninadombrowski/Library/TinyTeX/texmf-dist/tex/generic/pgf/modules/pgfmoduleplot.code.tex
File: pgfmoduleplot.code.tex 2021/05/15 v3.1.9a (3.1.9a)
) (/Users/ninadombrowski/Library/TinyTeX/texmf-dist/tex/latex/pgf/compatibility/pgfcomp-version-0-65.sty
Package: pgfcomp-version-0-65 2021/05/15 v3.1.9a (3.1.9a)
\pgf@nodesepstart=\dimen296
\pgf@nodesepend=\dimen297
) (/Users/ninadombrowski/Library/TinyTeX/texmf-dist/tex/latex/pgf/compatibility/pgfcomp-version-1-18.sty
Package: pgfcomp-version-1-18 2021/05/15 v3.1.9a (3.1.9a)
)) (/Users/ninadombrowski/Library/TinyTeX/texmf-dist/tex/latex/tools/verbatim.sty
Package: verbatim 2022-07-02 v1.5u LaTeX2e package for verbatim enhancements
\every@verbatim=\toks42
\verbatim@line=\toks43
\verbatim@in@stream=\read4
) (/Users/ninadombrowski/Library/TinyTeX/texmf-dist/tex/latex/environ/environ.sty
Package: environ 2014/05/04 v0.3 A new way to define environments
(/Users/ninadombrowski/Library/TinyTeX/texmf-dist/tex/latex/trimspaces/trimspaces.sty
Package: trimspaces 2009/09/17 v1.1 Trim spaces around a token list
))
\tcb@titlebox=\box79
\tcb@upperbox=\box80
\tcb@lowerbox=\box81
\tcb@phantombox=\box82
\c@tcbbreakpart=\count344
\c@tcblayer=\count345
\c@tcolorbox@number=\count346
\tcb@temp=\box83
\tcb@temp=\box84
\tcb@temp=\box85
\tcb@temp=\box86
(/Users/ninadombrowski/Library/TinyTeX/texmf-dist/tex/latex/tcolorbox/tcbraster.code.tex
Library (tcolorbox): 'tcbraster.code.tex' version '5.1.1'
\c@tcbrastercolumn=\count347
\c@tcbrasterrow=\count348
\c@tcbrasternum=\count349
\c@tcbraster=\count350
) (/Users/ninadombrowski/Library/TinyTeX/texmf-dist/tex/latex/tcolorbox/tcbskins.code.tex
Library (tcolorbox): 'tcbskins.code.tex' version '5.1.1'
(/Users/ninadombrowski/Library/TinyTeX/texmf-dist/tex/latex/pgf/frontendlayer/tikz.sty (/Users/ninadombrowski/Library/TinyTeX/texmf-dist/tex/latex/pgf/utilities/pgffor.sty (/Users/ninadombrowski/Library/TinyTeX/texmf-dist/tex/latex/pgf/utilities/pgfkeys.sty (/Users/ninadombrowski/Library/TinyTeX/texmf-dist/tex/generic/pgf/utilities/pgfkeys.code.tex)) (/Users/ninadombrowski/Library/TinyTeX/texmf-dist/tex/latex/pgf/math/pgfmath.sty (/Users/ninadombrowski/Library/TinyTeX/texmf-dist/tex/generic/pgf/math/pgfmath.code.tex)) (/Users/ninadombrowski/Library/TinyTeX/texmf-dist/tex/generic/pgf/utilities/pgffor.code.tex
Package: pgffor 2021/05/15 v3.1.9a (3.1.9a)
(/Users/ninadombrowski/Library/TinyTeX/texmf-dist/tex/generic/pgf/math/pgfmath.code.tex)
\pgffor@iter=\dimen298
\pgffor@skip=\dimen299
\pgffor@stack=\toks44
\pgffor@toks=\toks45
)) (/Users/ninadombrowski/Library/TinyTeX/texmf-dist/tex/generic/pgf/frontendlayer/tikz/tikz.code.tex
Package: tikz 2021/05/15 v3.1.9a (3.1.9a)
(/Users/ninadombrowski/Library/TinyTeX/texmf-dist/tex/generic/pgf/libraries/pgflibraryplothandlers.code.tex
File: pgflibraryplothandlers.code.tex 2021/05/15 v3.1.9a (3.1.9a)
\pgf@plot@mark@count=\count351
\pgfplotmarksize=\dimen300
)
\tikz@lastx=\dimen301
\tikz@lasty=\dimen302
\tikz@lastxsaved=\dimen303
\tikz@lastysaved=\dimen304
\tikz@lastmovetox=\dimen305
\tikz@lastmovetoy=\dimen306
\tikzleveldistance=\dimen307
\tikzsiblingdistance=\dimen308
\tikz@figbox=\box87
\tikz@figbox@bg=\box88
\tikz@tempbox=\box89
\tikz@tempbox@bg=\box90
\tikztreelevel=\count352
\tikznumberofchildren=\count353
\tikznumberofcurrentchild=\count354
\tikz@fig@count=\count355
(/Users/ninadombrowski/Library/TinyTeX/texmf-dist/tex/generic/pgf/modules/pgfmodulematrix.code.tex
File: pgfmodulematrix.code.tex 2021/05/15 v3.1.9a (3.1.9a)
\pgfmatrixcurrentrow=\count356
\pgfmatrixcurrentcolumn=\count357
\pgf@matrix@numberofcolumns=\count358
)
\tikz@expandcount=\count359
(/Users/ninadombrowski/Library/TinyTeX/texmf-dist/tex/generic/pgf/frontendlayer/tikz/libraries/tikzlibrarytopaths.code.tex
File: tikzlibrarytopaths.code.tex 2021/05/15 v3.1.9a (3.1.9a)
)))
\tcb@waterbox=\box91
(/Users/ninadombrowski/Library/TinyTeX/texmf-dist/tex/latex/tcolorbox/tcbskinsjigsaw.code.tex
Library (tcolorbox): 'tcbskinsjigsaw.code.tex' version '5.1.1'
)) (/Users/ninadombrowski/Library/TinyTeX/texmf-dist/tex/latex/tcolorbox/tcbbreakable.code.tex
Library (tcolorbox): 'tcbbreakable.code.tex' version '5.1.1'
(/Users/ninadombrowski/Library/TinyTeX/texmf-dist/tex/latex/pdfcol/pdfcol.sty
Package: pdfcol 2022-09-21 v1.7 Handle new color stacks for pdfTeX (HO)
)
Package pdfcol Info: New color stack `tcb@breakable' = 1 on input line 23.
\tcb@testbox=\box92
\tcb@totalupperbox=\box93
\tcb@totallowerbox=\box94
) (/Users/ninadombrowski/Library/TinyTeX/texmf-dist/tex/latex/tcolorbox/tcbhooks.code.tex
Library (tcolorbox): 'tcbhooks.code.tex' version '5.1.1'
) (/Users/ninadombrowski/Library/TinyTeX/texmf-dist/tex/latex/tcolorbox/tcbtheorems.code.tex
Library (tcolorbox): 'tcbtheorems.code.tex' version '5.1.1'
) (/Users/ninadombrowski/Library/TinyTeX/texmf-dist/tex/latex/tcolorbox/tcbfitting.code.tex
Library (tcolorbox): 'tcbfitting.code.tex' version '5.1.1'
\tcbfitdim=\dimen309
\tcb@lowerfitdim=\dimen310
\tcb@upperfitdim=\dimen311
\tcb@cur@hbadness=\count360
)) (/Users/ninadombrowski/Library/TinyTeX/texmf-dist/tex/latex/xurl/xurl.sty
Package: xurl 2022/01/09 v 0.10 modify URL breaks
)
Package hyperref Info: Option `colorlinks' set `true' on input line 185.
(/Users/ninadombrowski/Library/TinyTeX/texmf-dist/tex/latex/l3backend/l3backend-pdftex.def
File: l3backend-pdftex.def 2022-10-26 L3 backend support: PDF output (pdfTeX)
\l__color_backend_stack_int=\count361
\l__pdf_internal_box=\box95
)
No file index.aux.
\openout1 = `index.aux'.

LaTeX Font Info:    Checking defaults for OML/cmm/m/it on input line 191.
LaTeX Font Info:    ... okay on input line 191.
LaTeX Font Info:    Checking defaults for OMS/cmsy/m/n on input line 191.
LaTeX Font Info:    ... okay on input line 191.
LaTeX Font Info:    Checking defaults for OT1/cmr/m/n on input line 191.
LaTeX Font Info:    ... okay on input line 191.
LaTeX Font Info:    Checking defaults for T1/cmr/m/n on input line 191.
LaTeX Font Info:    ... okay on input line 191.
LaTeX Font Info:    Checking defaults for TS1/cmr/m/n on input line 191.
LaTeX Font Info:    ... okay on input line 191.
LaTeX Font Info:    Checking defaults for OMX/cmex/m/n on input line 191.
LaTeX Font Info:    ... okay on input line 191.
LaTeX Font Info:    Checking defaults for U/cmr/m/n on input line 191.
LaTeX Font Info:    ... okay on input line 191.
LaTeX Font Info:    Checking defaults for PD1/pdf/m/n on input line 191.
LaTeX Font Info:    ... okay on input line 191.
LaTeX Font Info:    Checking defaults for PU/pdf/m/n on input line 191.
LaTeX Font Info:    ... okay on input line 191.
Package scrbase Info: activating english \abstractname on input line 191.
Package scrbase Info: activating english \partname on input line 191.
Package scrbase Info: activating english \chaptername on input line 191.
Package scrbase Info: activating english \appendixname on input line 191.
Package scrbase Info: activating english \figurename on input line 191.
Package scrbase Info: activating english \tablename on input line 191.
Package scrbase Info: activating english \contentsname on input line 191.
Package scrbase Info: activating english \listfigurename on input line 191.
Package scrbase Info: activating english \listtablename on input line 191.
Package scrbase Info: activating english \bibname on input line 191.
Package scrbase Info: activating english \indexname on input line 191.
LaTeX Info: Redefining \microtypecontext on input line 191.
Package microtype Info: Applying patch `item' on input line 191.
Package microtype Info: Applying patch `toc' on input line 191.
Package microtype Info: Applying patch `eqnum' on input line 191.
Package microtype Info: Applying patch `footnote' on input line 191.
Package microtype Info: Generating PDF output.
Package microtype Info: Character protrusion enabled (level 2).
Package microtype Info: Using protrusion set `basicmath'.
Package microtype Info: Automatic font expansion enabled (level 2),
(microtype)             stretch: 20, shrink: 20, step: 1, non-selected.
Package microtype Info: Using default expansion set `alltext-nott'.
LaTeX Info: Redefining \showhyphens on input line 191.
Package microtype Info: No adjustment of tracking.
Package microtype Info: No adjustment of interword spacing.
Package microtype Info: No adjustment of character kerning.
(/Users/ninadombrowski/Library/TinyTeX/texmf-dist/tex/latex/microtype/mt-cmr.cfg
File: mt-cmr.cfg 2013/05/19 v2.2 microtype config. file: Computer Modern Roman (RS)
) (/Users/ninadombrowski/Library/TinyTeX/texmf-dist/tex/latex/epstopdf-pkg/epstopdf-base.sty
Package: epstopdf-base 2020-01-24 v2.11 Base part for package epstopdf
Package epstopdf-base Info: Redefining graphics rule for `.eps' on input line 485.
(/Users/ninadombrowski/Library/TinyTeX/texmf-dist/tex/latex/latexconfig/epstopdf-sys.cfg
File: epstopdf-sys.cfg 2010/07/13 v1.3 Configuration of (r)epstopdf for TeX Live
))
*geometry* driver: auto-detecting
*geometry* detected driver: pdftex
*geometry* verbose mode - [ preamble ] result:
* driver: pdftex
* paper: letterpaper
* layout: <same size as paper>
* layoutoffset:(h,v)=(0.0pt,0.0pt)
* modes: heightrounded 
* h-part:(L,W,R)=(92.14519pt, 430.00462pt, 92.14519pt)
* v-part:(T,H,B)=(95.39737pt, 556.47656pt, 143.09605pt)
* \paperwidth=614.295pt
* \paperheight=794.96999pt
* \textwidth=430.00462pt
* \textheight=555.00024pt
* \oddsidemargin=19.8752pt
* \evensidemargin=19.8752pt
* \topmargin=-14.27263pt
* \headheight=17.0pt
* \headsep=20.40001pt
* \topskip=11.0pt
* \footskip=47.6pt
* \marginparwidth=55.84499pt
* \marginparsep=12.8401pt
* \columnsep=10.0pt
* \skip\footins=10.0pt plus 4.0pt minus 2.0pt
* \hoffset=0.0pt
* \voffset=0.0pt
* \mag=1000
* \@twocolumnfalse
* \@twosidefalse
* \@mparswitchfalse
* \@reversemarginfalse
* (1in=72.27pt=25.4mm, 1cm=28.453pt)

Package hyperref Info: Link coloring ON on input line 191.
Package caption Info: Begin \AtBeginDocument code.
Package caption Info: float package is loaded.
Package caption Info: End \AtBeginDocument code.
LaTeX Font Info:    Trying to load font information for T1+lmss on input line 193.
(/Users/ninadombrowski/Library/TinyTeX/texmf-dist/tex/latex/lm/t1lmss.fd
File: t1lmss.fd 2015/05/01 v1.6.1 Font defs for Latin Modern
)
Package microtype Info: Loading generic protrusion settings for font family
(microtype)             `lmss' (encoding: T1).
(microtype)             For optimal results, create family-specific settings.
(microtype)             See the microtype manual for details.
LaTeX Font Info:    Trying to load font information for OT1+lmr on input line 193.
(/Users/ninadombrowski/Library/TinyTeX/texmf-dist/tex/latex/lm/ot1lmr.fd
File: ot1lmr.fd 2015/05/01 v1.6.1 Font defs for Latin Modern
)
LaTeX Font Info:    Trying to load font information for OML+lmm on input line 193.
(/Users/ninadombrowski/Library/TinyTeX/texmf-dist/tex/latex/lm/omllmm.fd
File: omllmm.fd 2015/05/01 v1.6.1 Font defs for Latin Modern
)
LaTeX Font Info:    Trying to load font information for OMS+lmsy on input line 193.
(/Users/ninadombrowski/Library/TinyTeX/texmf-dist/tex/latex/lm/omslmsy.fd
File: omslmsy.fd 2015/05/01 v1.6.1 Font defs for Latin Modern
)
LaTeX Font Info:    Trying to load font information for OMX+lmex on input line 193.
(/Users/ninadombrowski/Library/TinyTeX/texmf-dist/tex/latex/lm/omxlmex.fd
File: omxlmex.fd 2015/05/01 v1.6.1 Font defs for Latin Modern
)
LaTeX Font Info:    External font `lmex10' loaded for size
(Font)              <14.4> on input line 193.
LaTeX Font Info:    External font `lmex10' loaded for size
(Font)              <10> on input line 193.
LaTeX Font Info:    External font `lmex10' loaded for size
(Font)              <7> on input line 193.
LaTeX Font Info:    Trying to load font information for U+msa on input line 193.
(/Users/ninadombrowski/Library/TinyTeX/texmf-dist/tex/latex/amsfonts/umsa.fd
File: umsa.fd 2013/01/14 v3.01 AMS symbols A
) (/Users/ninadombrowski/Library/TinyTeX/texmf-dist/tex/latex/microtype/mt-msa.cfg
File: mt-msa.cfg 2006/02/04 v1.1 microtype config. file: AMS symbols (a) (RS)
)
LaTeX Font Info:    Trying to load font information for U+msb on input line 193.
(/Users/ninadombrowski/Library/TinyTeX/texmf-dist/tex/latex/amsfonts/umsb.fd
File: umsb.fd 2013/01/14 v3.01 AMS symbols B
) (/Users/ninadombrowski/Library/TinyTeX/texmf-dist/tex/latex/microtype/mt-msb.cfg
File: mt-msb.cfg 2005/06/01 v1.0 microtype config. file: AMS symbols (b) (RS)
) [1



{/Users/ninadombrowski/Library/TinyTeX/texmf-var/fonts/map/pdftex/updmap/pdftex.map}]
Package tocbasic Info: character protrusion at toc deactivated on input line 199.
No file index.toc.
\tf@toc=\write5
\openout5 = `index.toc'.

[2

]
chapter 1.

Class scrreprt Warning: \float@addtolists detected!
(scrreprt)              Implementation of \float@addtolist became
(scrreprt)              deprecated in KOMA-Script v3.01 2008/11/14 and
(scrreprt)              has been replaced by several more flexible
(scrreprt)              features of package `tocbasic`.
(scrreprt)              Since Version 3.12 support for deprecated
(scrreprt)              \float@addtolist interface has been
(scrreprt)              restricted to only some of the KOMA-Script
(scrreprt)              features and been removed from others.
(scrreprt)              Loading of package `scrhack' may help to
(scrreprt)              avoid this warning, if you are using a
(scrreprt)              a package that still implements the
(scrreprt)              deprecated \float@addtolist interface.


Underfull \hbox (badness 10000) in paragraph at lines 220--221
[]\T1/lmr/m/n/10.95 (+20) https://www.coursera.org/learn/python-data-analysis/ungradedLab/33VUU/your-
 []

[3

]
chapter 2.
LaTeX Font Info:    Trying to load font information for T1+lmtt on input line 230.
(/Users/ninadombrowski/Library/TinyTeX/texmf-dist/tex/latex/lm/t1lmtt.fd
File: t1lmtt.fd 2015/05/01 v1.6.1 Font defs for Latin Modern
)
LaTeX Font Info:    Trying to load font information for TS1+lmtt on input line 277.
(/Users/ninadombrowski/Library/TinyTeX/texmf-dist/tex/latex/lm/ts1lmtt.fd
File: ts1lmtt.fd 2015/05/01 v1.6.1 Font defs for Latin Modern
) [4

] [5] [6] [7]
LaTeX Font Info:    External font `lmex10' loaded for size
(Font)              <6> on input line 511.
LaTeX Font Info:    External font `lmex10' loaded for size
(Font)              <5> on input line 511.
[8] [9] [10] [11]
Overfull \hbox (277.0896pt too wide) in paragraph at lines 705--705
[]\T1/lmtt/m/n/10.95 dict_items([(\TS1/lmtt/m/n/10.95 '\T1/lmtt/m/n/10.95 Christopher Brooks\TS1/lmtt/m/n/10.95 '\T1/lmtt/m/n/10.95 , \TS1/lmtt/m/n/10.95 '\T1/lmtt/m/n/10.95 brooksch@umich.edu\TS1/lmtt/m/n/10.95 '\T1/lmtt/m/n/10.95 ), (\TS1/lmtt/m/n/10.95 '\T1/lmtt/m/n/10.95 Bill Gates\TS1/lmtt/m/n/10.95 '\T1/lmtt/m/n/10.95 , \TS1/lmtt/m/n/10.95 '\T1/lmtt/m/n/10.95 billg@microsoft.com\TS1/lmtt/m/n/10.95 '\T1/lmtt/m/n/10.95 ), (\TS1/lmtt/m/n/10.95 '\T1/lmtt/m/n/10.95 Kevin Thompson\TS1/lmtt/m/n/10.95 '\T1/lmtt/m/n/10.95 , None)])[] 
 []

[12] [13]
LaTeX Font Info:    Trying to load font information for TS1+lmr on input line 840.
(/Users/ninadombrowski/Library/TinyTeX/texmf-dist/tex/latex/lm/ts1lmr.fd
File: ts1lmr.fd 2015/05/01 v1.6.1 Font defs for Latin Modern
) [14] [15]
Overfull \hbox (202.35606pt too wide) in paragraph at lines 943--943
[]\T1/lmtt/m/n/10.95 odict_keys([\TS1/lmtt/m/n/10.95 ''\T1/lmtt/m/n/10.95 , \TS1/lmtt/m/n/10.95 '\T1/lmtt/m/n/10.95 manufacturer\TS1/lmtt/m/n/10.95 '\T1/lmtt/m/n/10.95 , \TS1/lmtt/m/n/10.95 '\T1/lmtt/m/n/10.95 model\TS1/lmtt/m/n/10.95 '\T1/lmtt/m/n/10.95 , \TS1/lmtt/m/n/10.95 '\T1/lmtt/m/n/10.95 displ\TS1/lmtt/m/n/10.95 '\T1/lmtt/m/n/10.95 , \TS1/lmtt/m/n/10.95 '\T1/lmtt/m/n/10.95 year\TS1/lmtt/m/n/10.95 '\T1/lmtt/m/n/10.95 , \TS1/lmtt/m/n/10.95 '\T1/lmtt/m/n/10.95 cyl\TS1/lmtt/m/n/10.95 '\T1/lmtt/m/n/10.95 , \TS1/lmtt/m/n/10.95 '\T1/lmtt/m/n/10.95 trans\TS1/lmtt/m/n/10.95 '\T1/lmtt/m/n/10.95 , \TS1/lmtt/m/n/10.95 '\T1/lmtt/m/n/10.95 drv\TS1/lmtt/m/n/10.95 '\T1/lmtt/m/n/10.95 , \TS1/lmtt/m/n/10.95 '\T1/lmtt/m/n/10.95 cty\TS1/lmtt/m/n/10.95 '\T1/lmtt/m/n/10.95 , \TS1/lmtt/m/n/10.95 '\T1/lmtt/m/n/10.95 hwy\TS1/lmtt/m/n/10.95 '\T1/lmtt/m/n/10.95 , \TS1/lmtt/m/n/10.95 '\T1/lmtt/m/n/10.95 fl\TS1/lmtt/m/n/10.95 '\T1/lmtt/m/n/10.95 , \TS1/lmtt/m/n/10.95 '\T1/lmtt/m/n/10.95 class\TS1/lmtt/m/n/10.95 '\T1/lmtt/m/n/10.95 ])[] 
 []

[16]
Overfull \hbox (1.15039pt too wide) in paragraph at lines 1018--1018
[]\T1/lmtt/m/n/10.95 {\TS1/lmtt/m/n/10.95 '\T1/lmtt/m/n/10.95 2seater\TS1/lmtt/m/n/10.95 '\T1/lmtt/m/n/10.95 , \TS1/lmtt/m/n/10.95 '\T1/lmtt/m/n/10.95 compact\TS1/lmtt/m/n/10.95 '\T1/lmtt/m/n/10.95 , \TS1/lmtt/m/n/10.95 '\T1/lmtt/m/n/10.95 midsize\TS1/lmtt/m/n/10.95 '\T1/lmtt/m/n/10.95 , \TS1/lmtt/m/n/10.95 '\T1/lmtt/m/n/10.95 minivan\TS1/lmtt/m/n/10.95 '\T1/lmtt/m/n/10.95 , \TS1/lmtt/m/n/10.95 '\T1/lmtt/m/n/10.95 pickup\TS1/lmtt/m/n/10.95 '\T1/lmtt/m/n/10.95 , \TS1/lmtt/m/n/10.95 '\T1/lmtt/m/n/10.95 subcompact\TS1/lmtt/m/n/10.95 '\T1/lmtt/m/n/10.95 , \TS1/lmtt/m/n/10.95 '\T1/lmtt/m/n/10.95 suv\TS1/lmtt/m/n/10.95 '\T1/lmtt/m/n/10.95 }[] 
 []

[17] [18] [19] [20]
Overfull \hbox (24.14532pt too wide) in paragraph at lines 1203--1203
[]\T1/lmtt/m/n/10.95 Chris Vrooks lives in Mi, USA and works in the department School of Information[] 
 []

[21] [22] [23] [24] [25] [26] [27] [28] [29]
Overfull \hbox (668.00348pt too wide) in paragraph at lines 1722--1722
[]\T1/lmtt/m/n/10.95 <!-- quarto-file-metadata: eyJyZXNvdXJjZURpciI6ImNvZGUiLCJib29rSXRlbVR5cGUiOiJjaGFwdGVyIiwiYm9va0l0ZW1OdW1iZXIiOjMsImJvb2tJdGVtRmlsZSI6ImNvZGUvMl9udW1weS5xbWQiLCJib29rSXRlbURlcHRoIjowfQ== -->[] 
 []

[30]
chapter 3.
[31

] [32] [33] [34] [35] [36] [37]
<code/2_numpy_files/figure-pdf/cell-27-output-1.png, id=223, 200.75pt x 200.75pt>
File: code/2_numpy_files/figure-pdf/cell-27-output-1.png Graphic file (type png)
<use code/2_numpy_files/figure-pdf/cell-27-output-1.png>
Package pdftex.def Info: code/2_numpy_files/figure-pdf/cell-27-output-1.png  used on input line 2176.
(pdftex.def)             Requested size: 200.76173pt x 200.76173pt.
[38] [39 <./code/2_numpy_files/figure-pdf/cell-27-output-1.png (PNG copy)>] [40]
<code/2_numpy_files/figure-pdf/cell-32-output-1.png, id=238, 200.75pt x 200.75pt>
File: code/2_numpy_files/figure-pdf/cell-32-output-1.png Graphic file (type png)
<use code/2_numpy_files/figure-pdf/cell-32-output-1.png>
Package pdftex.def Info: code/2_numpy_files/figure-pdf/cell-32-output-1.png  used on input line 2281.
(pdftex.def)             Requested size: 200.76173pt x 200.76173pt.
<code/2_numpy_files/figure-pdf/cell-33-output-2.png, id=239, 401.5pt x 100.375pt>
File: code/2_numpy_files/figure-pdf/cell-33-output-2.png Graphic file (type png)
<use code/2_numpy_files/figure-pdf/cell-33-output-2.png>
Package pdftex.def Info: code/2_numpy_files/figure-pdf/cell-33-output-2.png  used on input line 2308.
(pdftex.def)             Requested size: 401.5235pt x 100.38086pt.
[41 <./code/2_numpy_files/figure-pdf/cell-32-output-1.png (PNG copy)>] [42 <./code/2_numpy_files/figure-pdf/cell-33-output-2.png (PNG copy)>] [43] [44] [45] [46] [47] [48]
Overfull \hbox (771.48068pt too wide) in paragraph at lines 2741--2741
[]      \T1/lmtt/m/n/10.95 dtype=[(\TS1/lmtt/m/n/10.95 '\T1/lmtt/m/n/10.95 Serial_No\TS1/lmtt/m/n/10.95 '\T1/lmtt/m/n/10.95 , \TS1/lmtt/m/n/10.95 '\T1/lmtt/m/n/10.95 <i8\TS1/lmtt/m/n/10.95 '\T1/lmtt/m/n/10.95 ), (\TS1/lmtt/m/n/10.95 '\T1/lmtt/m/n/10.95 GRE_Score\TS1/lmtt/m/n/10.95 '\T1/lmtt/m/n/10.95 , \TS1/lmtt/m/n/10.95 '\T1/lmtt/m/n/10.95 <i8\TS1/lmtt/m/n/10.95 '\T1/lmtt/m/n/10.95 ), (\TS1/lmtt/m/n/10.95 '\T1/lmtt/m/n/10.95 TOEFL_Score\TS1/lmtt/m/n/10.95 '\T1/lmtt/m/n/10.95 , \TS1/lmtt/m/n/10.95 '\T1/lmtt/m/n/10.95 <i8\TS1/lmtt/m/n/10.95 '\T1/lmtt/m/n/10.95 ), (\TS1/lmtt/m/n/10.95 '\T1/lmtt/m/n/10.95 University_Rating\TS1/lmtt/m/n/10.95 '\T1/lmtt/m/n/10.95 , \TS1/lmtt/m/n/10.95 '\T1/lmtt/m/n/10.95 <i8\TS1/lmtt/m/n/10.95 '\T1/lmtt/m/n/10.95 ), (\TS1/lmtt/m/n/10.95 '\T1/lmtt/m/n/10.95 SOP\TS1/lmtt/m/n/10.95 '\T1/lmtt/m/n/10.95 , \TS1/lmtt/m/n/10.95 '\T1/lmtt/m/n/10.95 <f8\TS1/lmtt/m/n/10.95 '\T1/lmtt/m/n/10.95 ), (\TS1/lmtt/m/n/10.95 '\T1/lmtt/m/n/10.95 LOR\TS1/lmtt/m/n/10.95 '\T1/lmtt/m/n/10.95 , \TS1/lmtt/m/n/10.95 '\T1/lmtt/m/n/10.95 <f8\TS1/lmtt/m/n/10.95 '\T1/lmtt/m/n/10.95 ), (\TS1/lmtt/m/n/10.95 '\T1/lmtt/m/n/10.95 CGPA\TS1/lmtt/m/n/10.95 '\T1/lmtt/m/n/10.95 , \TS1/lmtt/m/n/10.95 '\T1/lmtt/m/n/10.95 <f8\TS1/lmtt/m/n/10.95 '\T1/lmtt/m/n/10.95 ), (\TS1/lmtt/m/n/10.95 '\T1/lmtt/m/n/10.95 Research\TS1/lmtt/m/n/10.95 '\T1/lmtt/m/n/10.95 , \TS1/lmtt/m/n/10.95 '\T1/lmtt/m/n/10.95 <i8\TS1/lmtt/m/n/10.95 '\T1/lmtt/m/n/10.95 ), (\TS1/lmtt/m/n/10.95 '\T1/lmtt/m/n/10.95 Chance_of_Admit\TS1/lmtt/m/n/10.95 '\T1/lmtt/m/n/10.95 , \TS1/lmtt/m/n/10.95 '\T1/lmtt/m/n/10.95 <f8\TS1/lmtt/m/n/10.95 '\T1/lmtt/m/n/10.95 )])[] 
 []

[49] [50]
Overfull \hbox (771.48068pt too wide) in paragraph at lines 2838--2838
[]      \T1/lmtt/m/n/10.95 dtype=[(\TS1/lmtt/m/n/10.95 '\T1/lmtt/m/n/10.95 Serial_No\TS1/lmtt/m/n/10.95 '\T1/lmtt/m/n/10.95 , \TS1/lmtt/m/n/10.95 '\T1/lmtt/m/n/10.95 <i8\TS1/lmtt/m/n/10.95 '\T1/lmtt/m/n/10.95 ), (\TS1/lmtt/m/n/10.95 '\T1/lmtt/m/n/10.95 GRE_Score\TS1/lmtt/m/n/10.95 '\T1/lmtt/m/n/10.95 , \TS1/lmtt/m/n/10.95 '\T1/lmtt/m/n/10.95 <i8\TS1/lmtt/m/n/10.95 '\T1/lmtt/m/n/10.95 ), (\TS1/lmtt/m/n/10.95 '\T1/lmtt/m/n/10.95 TOEFL_Score\TS1/lmtt/m/n/10.95 '\T1/lmtt/m/n/10.95 , \TS1/lmtt/m/n/10.95 '\T1/lmtt/m/n/10.95 <i8\TS1/lmtt/m/n/10.95 '\T1/lmtt/m/n/10.95 ), (\TS1/lmtt/m/n/10.95 '\T1/lmtt/m/n/10.95 University_Rating\TS1/lmtt/m/n/10.95 '\T1/lmtt/m/n/10.95 , \TS1/lmtt/m/n/10.95 '\T1/lmtt/m/n/10.95 <i8\TS1/lmtt/m/n/10.95 '\T1/lmtt/m/n/10.95 ), (\TS1/lmtt/m/n/10.95 '\T1/lmtt/m/n/10.95 SOP\TS1/lmtt/m/n/10.95 '\T1/lmtt/m/n/10.95 , \TS1/lmtt/m/n/10.95 '\T1/lmtt/m/n/10.95 <f8\TS1/lmtt/m/n/10.95 '\T1/lmtt/m/n/10.95 ), (\TS1/lmtt/m/n/10.95 '\T1/lmtt/m/n/10.95 LOR\TS1/lmtt/m/n/10.95 '\T1/lmtt/m/n/10.95 , \TS1/lmtt/m/n/10.95 '\T1/lmtt/m/n/10.95 <f8\TS1/lmtt/m/n/10.95 '\T1/lmtt/m/n/10.95 ), (\TS1/lmtt/m/n/10.95 '\T1/lmtt/m/n/10.95 CGPA\TS1/lmtt/m/n/10.95 '\T1/lmtt/m/n/10.95 , \TS1/lmtt/m/n/10.95 '\T1/lmtt/m/n/10.95 <f8\TS1/lmtt/m/n/10.95 '\T1/lmtt/m/n/10.95 ), (\TS1/lmtt/m/n/10.95 '\T1/lmtt/m/n/10.95 Research\TS1/lmtt/m/n/10.95 '\T1/lmtt/m/n/10.95 , \TS1/lmtt/m/n/10.95 '\T1/lmtt/m/n/10.95 <i8\TS1/lmtt/m/n/10.95 '\T1/lmtt/m/n/10.95 ), (\TS1/lmtt/m/n/10.95 '\T1/lmtt/m/n/10.95 Chance_of_Admit\TS1/lmtt/m/n/10.95 '\T1/lmtt/m/n/10.95 , \TS1/lmtt/m/n/10.95 '\T1/lmtt/m/n/10.95 <f8\TS1/lmtt/m/n/10.95 '\T1/lmtt/m/n/10.95 )])[] 
 []

[51]
chapter 4.
[52

] [53] [54] [55] [56] [57]
LaTeX Font Info:    Font shape `T1/lmtt/bx/n' in size <10.95> not available
(Font)              Font shape `T1/lmtt/b/n' tried instead on input line 3231.

Overfull \hbox (24191.82104pt too wide) in paragraph at lines 3251--3251
[]\TS1/lmtt/m/n/10.95 '\T1/lmtt/m/n/10.95 Overview[edit]\nFERPA gives parents access to their child\\TS1/lmtt/m/n/10.95 '\T1/lmtt/m/n/10.95 s education records, an opportunity to seek to have the records amended, and some control over the disclosure of information from the records. With several exceptions, schools must have a student\\TS1/lmtt/m/n/10.95 '\T1/lmtt/m/n/10.95 s consent prior to the disclosure of education records after that student is 18 years old. The law applies only to educational agencies and institutions that receive funds under a program administered by the U.S. Department of Education.\n\nOther regulations under this act, effective starting January 3, 2012, allow for greater disclosures of personal and directory student identifying information and regulate student IDs and e-mail addresses.[2] For example, schools may provide external companies with a student\\TS1/lmtt/m/n/10.95 '\T1/lmtt/m/n/10.95 s personally identifiable information without the student\\TS1/lmtt/m/n/10.95 '\T1/lmtt/m/n/10.95 s consent.[2]\n\nExamples of situations affected by FERPA include school employees divulging information to anyone other than the student about the student\\TS1/lmtt/m/n/10.95 '\T1/lmtt/m/n/10.95 s grades or behavior, and school work posted on a bulletin board with a grade. Generally, schools must have written permission from the parent or eligible student in order to release any information from a student\\TS1/lmtt/m/n/10.95 '\T1/lmtt/m/n/10.95 s education record.\n\nThis privacy policy also governs how state agencies transmit testing data to federal agencies, such as the Education Data Exchange Network.\n\nThis U.S. federal law also gave students 18 years of age or older, or students of any age if enrolled in any post-secondary educational institution, the right of privacy regarding grades, enrollment, and even billing information unless the school has specific permission from the student to share that specific type of information.\n\nFERPA also permits a school to disclose personally identifiable information from education records of an "eligible student" (a student age 18 or older or enrolled in a postsecondary institution at any age) to his or her parents if the student is a "dependent student" as that term is defined in Section 152 of the Internal Revenue Code. Generally, if either parent has claimed the student as a dependent on the parent\\TS1/lmtt/m/n/10.95 '\T1/lmtt/m/n/10.95 s most recent income tax statement, the school may non-consensually disclose the student\\TS1/lmtt/m/n/10.95 '\T1/lmtt/m/n/10.95 s education records to both parents.[3]\n\nThe law allowed students who apply to an educational institution such as graduate school permission to view recommendations submitted by others as part of the application. However, on standard application forms, students are given the option to waive this right.\n\nFERPA specifically excludes employees of an educational institution if they are not students.\n\nThe act is also referred to as the Buckley Amendment, for one of its proponents, Senator James L. Buckley of New York.\n\nAccess to public records[edit]\nThe citing of FERPA to conceal public records that are not "educational" in nature has been widely criticized, including by the act\\TS1/lmtt/m/n/10.95 '\T1/lmtt/m/n/10.95 s primary Senate sponsor.[4] For example, in the Owasso Independent School District v. Falvo case, an important part of the debate was determining the relationship between peer-grading and "education records" as defined in FERPA. In the Court of Appeals, it was ruled that students placing grades on the work of other students made such work into an "education record." Thus, peer-grading was determined as a violation of FERPA privacy policies because students had access to other students\\TS1/lmtt/m/n/10.95 ' \T1/lmtt/m/n/10.95 academic performance without full consent.[5] However, when the case went to the Supreme Court, it was officially ruled that peer-grading was not a violation of FERPA. This is because a grade written on a student\\TS1/lmtt/m/n/10.95 '\T1/lmtt/m/n/10.95 s work does not become an "education record" until the teacher writes the final grade into a grade book.[6]\n\nStudent medical records[edit]\nLegal experts have debated the issue of whether student medical records (for example records of therapy sessions with a therapist at an on-campus counseling center) might be released to the school administration under certain triggering events, such as when a student sued his college or university.[7][8]\n\nUsually, student medical treatment records will remain under the protection of FERPA, not the Health Insurance Portability and Accountability Act (HIPAA). This is due to the "FERPA Exception" written within HIPAA.[9]\TS1/lmtt/m/n/10.95 '[] 
 []

[58] [59] [60] [61] [62]
Overfull \hbox (29.89406pt too wide) in paragraph at lines 3562--3562
[]\T1/lmtt/m/n/10.95 {\TS1/lmtt/m/n/10.95 '\T1/lmtt/m/n/10.95 title\TS1/lmtt/m/n/10.95 '\T1/lmtt/m/n/10.95 : \TS1/lmtt/m/n/10.95 '\T1/lmtt/m/n/10.95 Dhammakaya Open University \TS1/lmtt/m/n/10.95 '\T1/lmtt/m/n/10.95 , \TS1/lmtt/m/n/10.95 '\T1/lmtt/m/n/10.95 city\TS1/lmtt/m/n/10.95 '\T1/lmtt/m/n/10.95 : \TS1/lmtt/m/n/10.95 '\T1/lmtt/m/n/10.95 Azusa\TS1/lmtt/m/n/10.95 '\T1/lmtt/m/n/10.95 , \TS1/lmtt/m/n/10.95 '\T1/lmtt/m/n/10.95 state\TS1/lmtt/m/n/10.95 '\T1/lmtt/m/n/10.95 : \TS1/lmtt/m/n/10.95 '\T1/lmtt/m/n/10.95 California\TS1/lmtt/m/n/10.95 '\T1/lmtt/m/n/10.95 }[] 
 []


Overfull \hbox (64.38646pt too wide) in paragraph at lines 3564--3564
[]\T1/lmtt/m/n/10.95 {\TS1/lmtt/m/n/10.95 '\T1/lmtt/m/n/10.95 title\TS1/lmtt/m/n/10.95 '\T1/lmtt/m/n/10.95 : \TS1/lmtt/m/n/10.95 '\T1/lmtt/m/n/10.95 Dharma Realm Buddhist University \TS1/lmtt/m/n/10.95 '\T1/lmtt/m/n/10.95 , \TS1/lmtt/m/n/10.95 '\T1/lmtt/m/n/10.95 city\TS1/lmtt/m/n/10.95 '\T1/lmtt/m/n/10.95 : \TS1/lmtt/m/n/10.95 '\T1/lmtt/m/n/10.95 Ukiah\TS1/lmtt/m/n/10.95 '\T1/lmtt/m/n/10.95 , \TS1/lmtt/m/n/10.95 '\T1/lmtt/m/n/10.95 state\TS1/lmtt/m/n/10.95 '\T1/lmtt/m/n/10.95 : \TS1/lmtt/m/n/10.95 '\T1/lmtt/m/n/10.95 California\TS1/lmtt/m/n/10.95 '\T1/lmtt/m/n/10.95 }[] 
 []


Overfull \hbox (64.38646pt too wide) in paragraph at lines 3566--3566
[]\T1/lmtt/m/n/10.95 {\TS1/lmtt/m/n/10.95 '\T1/lmtt/m/n/10.95 title\TS1/lmtt/m/n/10.95 '\T1/lmtt/m/n/10.95 : \TS1/lmtt/m/n/10.95 '\T1/lmtt/m/n/10.95 Institute of Buddhist Studies \TS1/lmtt/m/n/10.95 '\T1/lmtt/m/n/10.95 , \TS1/lmtt/m/n/10.95 '\T1/lmtt/m/n/10.95 city\TS1/lmtt/m/n/10.95 '\T1/lmtt/m/n/10.95 : \TS1/lmtt/m/n/10.95 '\T1/lmtt/m/n/10.95 Berkeley\TS1/lmtt/m/n/10.95 '\T1/lmtt/m/n/10.95 , \TS1/lmtt/m/n/10.95 '\T1/lmtt/m/n/10.95 state\TS1/lmtt/m/n/10.95 '\T1/lmtt/m/n/10.95 : \TS1/lmtt/m/n/10.95 '\T1/lmtt/m/n/10.95 California\TS1/lmtt/m/n/10.95 '\T1/lmtt/m/n/10.95 }[] 
 []


Overfull \hbox (24.14532pt too wide) in paragraph at lines 3568--3568
[]\T1/lmtt/m/n/10.95 {\TS1/lmtt/m/n/10.95 '\T1/lmtt/m/n/10.95 title\TS1/lmtt/m/n/10.95 '\T1/lmtt/m/n/10.95 : \TS1/lmtt/m/n/10.95 '\T1/lmtt/m/n/10.95 University of the West \TS1/lmtt/m/n/10.95 '\T1/lmtt/m/n/10.95 , \TS1/lmtt/m/n/10.95 '\T1/lmtt/m/n/10.95 city\TS1/lmtt/m/n/10.95 '\T1/lmtt/m/n/10.95 : \TS1/lmtt/m/n/10.95 '\T1/lmtt/m/n/10.95 Rosemead\TS1/lmtt/m/n/10.95 '\T1/lmtt/m/n/10.95 , \TS1/lmtt/m/n/10.95 '\T1/lmtt/m/n/10.95 state\TS1/lmtt/m/n/10.95 '\T1/lmtt/m/n/10.95 : \TS1/lmtt/m/n/10.95 '\T1/lmtt/m/n/10.95 California\TS1/lmtt/m/n/10.95 '\T1/lmtt/m/n/10.95 }[] 
 []


Overfull \hbox (98.87886pt too wide) in paragraph at lines 3569--3569
[]\T1/lmtt/m/n/10.95 {\TS1/lmtt/m/n/10.95 '\T1/lmtt/m/n/10.95 title\TS1/lmtt/m/n/10.95 '\T1/lmtt/m/n/10.95 : \TS1/lmtt/m/n/10.95 '\T1/lmtt/m/n/10.95 Won Institute of Graduate Studies \TS1/lmtt/m/n/10.95 '\T1/lmtt/m/n/10.95 , \TS1/lmtt/m/n/10.95 '\T1/lmtt/m/n/10.95 city\TS1/lmtt/m/n/10.95 '\T1/lmtt/m/n/10.95 : \TS1/lmtt/m/n/10.95 '\T1/lmtt/m/n/10.95 Glenside\TS1/lmtt/m/n/10.95 '\T1/lmtt/m/n/10.95 , \TS1/lmtt/m/n/10.95 '\T1/lmtt/m/n/10.95 state\TS1/lmtt/m/n/10.95 '\T1/lmtt/m/n/10.95 : \TS1/lmtt/m/n/10.95 '\T1/lmtt/m/n/10.95 Pennsylvania\TS1/lmtt/m/n/10.95 '\T1/lmtt/m/n/10.95 }[] 
 []

[63]
Overfull \hbox (478.29527pt too wide) in paragraph at lines 3595--3595
[]\TS1/lmtt/m/n/10.95 '\T1/lmtt/m/n/10.95 548662191340421120|Sat Dec 27 02:10:34 +0000 2014|Risks in Using Social Media to Spot Signs of Mental Distress http://nyti.ms/1rqi9I1\n548579831169163265|Fri[] 
 []

[64] [65] [66]
chapter 5.
LaTeX Font Info:    External font `lmex10' loaded for size
(Font)              <10.95> on input line 3754.
LaTeX Font Info:    External font `lmex10' loaded for size
(Font)              <8> on input line 3754.
[67

] [68] [69] [70] [71] [72] [73] [74] [75] [76] [77] [78] [79] [80] [81] [82] [83] [84] [85] [86] [87]
Underfull \hbox (badness 10000) in paragraph at lines 5029--5032

 []

[88] [89]
Overfull \hbox (81.63266pt too wide) in paragraph at lines 5158--5158
[]\T1/lmtt/m/n/10.95 Serial No.,GRE Score,TOEFL Score,University Rating,SOP,LOR ,CGPA,Research,Chance of Admit[] 
 []


Overfull \hbox (160.20543pt too wide) in paragraph at lines 5186--5197
[][] 
 []

[90]
Overfull \hbox (142.73042pt too wide) in paragraph at lines 5210--5222
[][] 
 []

[91]
Overfull \hbox (224.64212pt too wide) in paragraph at lines 5245--5257
[][] 
 []


Overfull \hbox (24.14532pt too wide) in paragraph at lines 5270--5270
[]\T1/lmtt/m/n/10.95 Index([\TS1/lmtt/m/n/10.95 '\T1/lmtt/m/n/10.95 GRE Score\TS1/lmtt/m/n/10.95 '\T1/lmtt/m/n/10.95 , \TS1/lmtt/m/n/10.95 '\T1/lmtt/m/n/10.95 TOEFL Score\TS1/lmtt/m/n/10.95 '\T1/lmtt/m/n/10.95 , \TS1/lmtt/m/n/10.95 '\T1/lmtt/m/n/10.95 University Rating\TS1/lmtt/m/n/10.95 '\T1/lmtt/m/n/10.95 , \TS1/lmtt/m/n/10.95 '\T1/lmtt/m/n/10.95 Statement of Purpose\TS1/lmtt/m/n/10.95 '\T1/lmtt/m/n/10.95 ,[] 
 []


Overfull \hbox (329.60933pt too wide) in paragraph at lines 5291--5303
[][] 
 []

[92]
Overfull \hbox (24.14532pt too wide) in paragraph at lines 5325--5325
[]\T1/lmtt/m/n/10.95 Index([\TS1/lmtt/m/n/10.95 '\T1/lmtt/m/n/10.95 GRE Score\TS1/lmtt/m/n/10.95 '\T1/lmtt/m/n/10.95 , \TS1/lmtt/m/n/10.95 '\T1/lmtt/m/n/10.95 TOEFL Score\TS1/lmtt/m/n/10.95 '\T1/lmtt/m/n/10.95 , \TS1/lmtt/m/n/10.95 '\T1/lmtt/m/n/10.95 University Rating\TS1/lmtt/m/n/10.95 '\T1/lmtt/m/n/10.95 , \TS1/lmtt/m/n/10.95 '\T1/lmtt/m/n/10.95 Statement of Purpose\TS1/lmtt/m/n/10.95 '\T1/lmtt/m/n/10.95 ,[] 
 []


Overfull \hbox (18.39659pt too wide) in paragraph at lines 5342--5342
[]\T1/lmtt/m/n/10.95 Index([\TS1/lmtt/m/n/10.95 '\T1/lmtt/m/n/10.95 GRE Score\TS1/lmtt/m/n/10.95 '\T1/lmtt/m/n/10.95 , \TS1/lmtt/m/n/10.95 '\T1/lmtt/m/n/10.95 TOEFL Score\TS1/lmtt/m/n/10.95 '\T1/lmtt/m/n/10.95 , \TS1/lmtt/m/n/10.95 '\T1/lmtt/m/n/10.95 University Rating\TS1/lmtt/m/n/10.95 '\T1/lmtt/m/n/10.95 , \TS1/lmtt/m/n/10.95 '\T1/lmtt/m/n/10.95 SOP\TS1/lmtt/m/n/10.95 '\T1/lmtt/m/n/10.95 , \TS1/lmtt/m/n/10.95 '\T1/lmtt/m/n/10.95 LOR \TS1/lmtt/m/n/10.95 '\T1/lmtt/m/n/10.95 , \TS1/lmtt/m/n/10.95 '\T1/lmtt/m/n/10.95 CGPA\TS1/lmtt/m/n/10.95 '\T1/lmtt/m/n/10.95 ,[] 
 []

[93]
Overfull \hbox (72.4391pt too wide) in paragraph at lines 5405--5417
[][] 
 []

[94]
Overfull \hbox (72.4391pt too wide) in paragraph at lines 5450--5462
[][] 
 []

[95] [96]
Overfull \vbox (4918.89595pt too high) has occurred while \output is active []

[97]
Overfull \hbox (86.37pt too wide) in paragraph at lines 5918--5930
[][] 
 []


Overfull \hbox (72.4391pt too wide) in paragraph at lines 5945--5957
[][] 
 []

[98]
Overfull \hbox (72.4391pt too wide) in paragraph at lines 5972--5984
[][] 
 []

[99]
Overfull \hbox (72.4391pt too wide) in paragraph at lines 6037--6049
[][] 
 []


Overfull \hbox (72.4391pt too wide) in paragraph at lines 6079--6091
[][] 
 []

[100] [101]
Overfull \vbox (4918.89595pt too high) has occurred while \output is active []

[102] [103]
Overfull \vbox (4918.89595pt too high) has occurred while \output is active []

[104]
Overfull \hbox (142.73042pt too wide) in paragraph at lines 6978--6990
[][] 
 []

[105]
Overfull \hbox (164.66037pt too wide) in paragraph at lines 7010--7022
[][] 
 []


Overfull \hbox (182.13538pt too wide) in paragraph at lines 7037--7048
[][] 
 []

[106]
Overfull \hbox (9832.6427pt too wide) in paragraph at lines 7073--7084
[][] 
 []


Overfull \hbox (9832.6427pt too wide) in paragraph at lines 7119--7130
[][] 
 []

[107]
Overfull \hbox (35.35182pt too wide) in paragraph at lines 7139--7139
\T1/lmtt/m/n/10.95 [[][]\TS1/lmtt/m/n/10.95 '\T1/lmtt/m/n/10.95 STNAME\TS1/lmtt/m/n/10.95 '[][]\T1/lmtt/m/n/10.95 ,[][]\TS1/lmtt/m/n/10.95 '\T1/lmtt/m/n/10.95 CTYNAME\TS1/lmtt/m/n/10.95 '[][]\T1/lmtt/m/n/10.95 ,[][]\TS1/lmtt/m/n/10.95 '\T1/lmtt/m/n/10.95 BIRTHS2010\TS1/lmtt/m/n/10.95 '[][]\T1/lmtt/m/n/10.95 ,[][]\TS1/lmtt/m/n/10.95 '\T1/lmtt/m/n/10.95 BIRTHS2011\TS1/lmtt/m/n/10.95 '[][]\T1/lmtt/m/n/10.95 ,[][]\TS1/lmtt/m/n/10.95 '\T1/lmtt/m/n/10.95 BIRTHS2012\TS1/lmtt/m/n/10.95 '[][]\T1/lmtt/m/n/10.95 ,[][]\TS1/lmtt/m/n/10.95 '\T1/lmtt/m/n/10.95 BIRTHS2013\TS1/lmtt/m/n/10.95 '[][]\T1/lmtt/m/n/10.95 ,[]|  
 []


Overfull \hbox (87.09042pt too wide) in paragraph at lines 7140--7140
[]\TS1/lmtt/m/n/10.95 '\T1/lmtt/m/n/10.95 BIRTHS2014\TS1/lmtt/m/n/10.95 '[][]\T1/lmtt/m/n/10.95 ,[][]\TS1/lmtt/m/n/10.95 '\T1/lmtt/m/n/10.95 BIRTHS2015\TS1/lmtt/m/n/10.95 '[][]\T1/lmtt/m/n/10.95 ,[][]\TS1/lmtt/m/n/10.95 '\T1/lmtt/m/n/10.95 POPESTIMATE2010\TS1/lmtt/m/n/10.95 '[][]\T1/lmtt/m/n/10.95 ,[][]\TS1/lmtt/m/n/10.95 '\T1/lmtt/m/n/10.95 POPESTIMATE2011\TS1/lmtt/m/n/10.95 '[][]\T1/lmtt/m/n/10.95 ,[]|  
 []


Overfull \hbox (144.57776pt too wide) in paragraph at lines 7141--7141
[]\TS1/lmtt/m/n/10.95 '\T1/lmtt/m/n/10.95 POPESTIMATE2012\TS1/lmtt/m/n/10.95 '[][]\T1/lmtt/m/n/10.95 ,[][]\TS1/lmtt/m/n/10.95 '\T1/lmtt/m/n/10.95 POPESTIMATE2013\TS1/lmtt/m/n/10.95 '[][]\T1/lmtt/m/n/10.95 ,[][]\TS1/lmtt/m/n/10.95 '\T1/lmtt/m/n/10.95 POPESTIMATE2014\TS1/lmtt/m/n/10.95 '[][]\T1/lmtt/m/n/10.95 ,[][]\TS1/lmtt/m/n/10.95 '\T1/lmtt/m/n/10.95 POPESTIMATE2015\TS1/lmtt/m/n/10.95 '[][]\T1/lmtt/m/n/10.95 ][]|  
 []


Overfull \hbox (891.97992pt too wide) in paragraph at lines 7147--7158
[][] 
 []


Overfull \hbox (874.50491pt too wide) in paragraph at lines 7175--7187
[][] 
 []

[108] [109]
Overfull \hbox (887.94916pt too wide) in paragraph at lines 7245--7254
[][] 
 []

[110] [111] [112] [113] [114] [115] [116]
Overfull \hbox (428.08722pt too wide) in paragraph at lines 7677--7688
[][] 
 []

[117]
Overfull \hbox (478.47238pt too wide) in paragraph at lines 7709--7720
[][] 
 []


Overfull \hbox (428.08722pt too wide) in paragraph at lines 7734--7745
[][] 
 []

[118]
Overfull \hbox (547.10832pt too wide) in paragraph at lines 7767--7778
[][] 
 []


Overfull \hbox (428.08722pt too wide) in paragraph at lines 7793--7804
[][] 
 []

[119]
Overfull \hbox (547.10832pt too wide) in paragraph at lines 7875--7886
[][] 
 []

[120] [121]
Overfull \hbox (110.08536pt too wide) in paragraph at lines 7952--7952
|| ||[]\T1/lmtt/m/n/10.95 dfs[][]=[][]pd.read_html([][]"https://en.wikipedia.org/wiki/College_admissions_in_the_United_States"[][])[]|  
 []


Overfull \hbox (315.75328pt too wide) in paragraph at lines 7967--7989
[][] 
 []

[122]
Overfull \hbox (9832.6427pt too wide) in paragraph at lines 8009--8020
[][] 
 []

[123]
! TeX capacity exceeded, sorry [main memory size=5000000].
<template> \hskip \col@sep 
                           \hfil \hskip 1sp\d@llarbegin \ignorespaces 
l.8809         & Pike County &    5
                                   0.0 &     2.0 &       3.0 &   18.0 &   12... 
Here is how much of TeX's memory you used:
 34571 strings out of 478033
 702349 string characters out of 5838439
 5000000 words of memory out of 5000000
 53736 multiletter control sequences out of 15000+600000
 585282 words of font info for 179 fonts, out of 8000000 for 9000
 14 hyphenation exceptions out of 8191
 108i,11n,106p,10600b,1006s stack positions out of 10000i,1000n,20000p,200000b,200000s

!  ==> Fatal error occurred, no output PDF file produced!
